* using log directory ‘/ssd/tomas/QA/R-74238/check/multiClust.Rcheck’
* using R Under development (unstable) (2018-02-08 r74238)
* using platform: x86_64-pc-linux-gnu (64-bit)
* using session charset: UTF-8
* checking for file ‘multiClust/DESCRIPTION’ ... OK
* checking extension type ... Package
* this is package ‘multiClust’ version ‘1.9.1’
* checking package namespace information ... OK
* checking package dependencies ... OK
* checking if this is a source package ... OK
* checking if there is a namespace ... OK
* checking for executable files ... OK
* checking for hidden files and directories ... OK
* checking for portable file names ... OK
* checking for sufficient/correct file permissions ... OK
* checking whether package ‘multiClust’ can be installed ... OK
* checking package directory ... OK
* checking ‘build’ directory ... OK
* checking DESCRIPTION meta-information ... OK
* checking top-level files ... OK
* checking for left-over files ... OK
* checking index information ... OK
* checking package subdirectories ... OK
* checking R files for non-ASCII characters ... OK
* checking R files for syntax errors ... OK
* checking whether the package can be loaded ... OK
* checking whether the package can be loaded with stated dependencies ... OK
* checking whether the package can be unloaded cleanly ... OK
* checking whether the namespace can be loaded with stated dependencies ... OK
* checking whether the namespace can be unloaded cleanly ... OK
* checking loading without being on the library search path ... OK
* checking dependencies in R code ... OK
* checking S3 generic/method consistency ... OK
* checking replacement functions ... OK
* checking foreign function calls ... OK
* checking R code for possible problems ... OK
* checking Rd files ... OK
* checking Rd metadata ... OK
* checking Rd cross-references ... OK
* checking for missing documentation entries ... OK
* checking for code/documentation mismatches ... OK
* checking Rd \usage sections ... OK
* checking Rd contents ... OK
* checking for unstated dependencies in examples ... OK
* checking installed files from ‘inst/doc’ ... OK
* checking files in ‘vignettes’ ... OK
* checking examples ... ERROR
Running examples in ‘multiClust-Ex.R’ failed
The error most likely occurred in:

> ### Name: avg_probe_exp
> ### Title: Function to produce a matrix containing the average expression
> ###   of each gene probe within each sample cluster.
> ### Aliases: avg_probe_exp
> 
> ### ** Examples
> 
> # Produce matrix of average expression of each probe in each cluster
> # Load in a data file
> data_file <- system.file("extdata", "GSE2034.normalized.expression.txt",
+     package="multiClust")
> data <- input_file(input=data_file)
[1] "The gene expression matrix has been loaded"
> # Choose 300 genes to select for
> gene_num <- number_probes(input=data_file, data.exp=data, Fixed=300,
+    Percent=NULL, Adaptive=NULL)
[1] "The fixed gene probe number is: 300"
> # Choose the "CV_Rank" Method for gene ranking
> sel.data <- probe_ranking(input=data_file, probe_number=300,
+     probe_num_selection="Fixed_Probe_Num", data.exp=data, method="CV_Rank")
Warning in file(tmpFileName, "at") :
  cannot open file '/var/scratchro/tomas/QA/R-74238/lib/multiClust/extdata/GSE2034.normalized.expression.txt.Fixed_Probe_Num.CV_Rank_Selected_Gene_Exp.txt': Read-only file system
Error in file(tmpFileName, "at") : cannot open the connection
Calls: probe_ranking -> WriteMatrixToFile -> file
Execution halted
* checking for unstated dependencies in ‘tests’ ... OK
* checking tests ... OK
  Running ‘runTests.R’
* checking for unstated dependencies in vignettes ... OK
* checking package vignettes in ‘inst/doc’ ... OK
* checking running R code from vignettes ... NONE
* checking re-building of vignette outputs ... WARNING
Error in re-building vignettes:
  ...
Warning in engine$weave(file, quiet = quiet, encoding = enc) :
  Pandoc (>= 1.12.3) and/or pandoc-citeproc not available. Falling back to R Markdown v1.
Quitting from lines 455-477 (multiClust.Rmd) 
Error: processing vignette 'multiClust.Rmd' failed with diagnostics:
cannot open the connection
Execution halted

* checking PDF version of manual ... OK
* DONE
Status: 1 ERROR, 1 WARNING
