* using log directory ‘/ssd/tomas/QA/R-74238/check/SNPchip.Rcheck’
* using R Under development (unstable) (2018-02-08 r74238)
* using platform: x86_64-pc-linux-gnu (64-bit)
* using session charset: UTF-8
* checking for file ‘SNPchip/DESCRIPTION’ ... OK
* this is package ‘SNPchip’ version ‘2.25.0’
* checking package namespace information ... OK
* checking package dependencies ... OK
* checking if this is a source package ... OK
* checking if there is a namespace ... OK
* checking for executable files ... OK
* checking for hidden files and directories ... OK
* checking for portable file names ... OK
* checking for sufficient/correct file permissions ... OK
* checking whether package ‘SNPchip’ can be installed ... WARNING
Found the following significant warnings:
  Warning: multiple methods tables found for ‘coverage2’
  Warning: replacing previous import ‘IRanges::coverage2’ by ‘oligoClasses::coverage2’ when loading ‘SNPchip’
See ‘/ssd/tomas/QA/R-74238/check/SNPchip.Rcheck/00install.out’ for details.
* checking package directory ... OK
* checking ‘build’ directory ... OK
* checking DESCRIPTION meta-information ... NOTE
Malformed Description field: should contain one or more complete sentences.
* checking top-level files ... OK
* checking for left-over files ... OK
* checking index information ... OK
* checking package subdirectories ... OK
* checking R files for non-ASCII characters ... OK
* checking R files for syntax errors ... OK
* checking whether the package can be loaded ... OK
* checking whether the package can be loaded with stated dependencies ... OK
* checking whether the package can be unloaded cleanly ... OK
* checking whether the namespace can be loaded with stated dependencies ... OK
* checking whether the namespace can be unloaded cleanly ... OK
* checking loading without being on the library search path ... OK
* checking dependencies in R code ... OK
* checking S3 generic/method consistency ... OK
* checking replacement functions ... OK
* checking foreign function calls ... OK
* checking R code for possible problems ... NOTE
centromereData: no visible global function definition for ‘read.delim’
dataFrameFromRange: no visible binding for global variable ‘data’
getCytoband: no visible global function definition for ‘read.table’
Undefined global functions or variables:
  data read.delim read.table
Consider adding
  importFrom("utils", "data", "read.delim", "read.table")
to your NAMESPACE file.
* checking Rd files ... OK
* checking Rd metadata ... OK
* checking Rd cross-references ... OK
* checking for missing documentation entries ... OK
* checking for code/documentation mismatches ... OK
* checking Rd \usage sections ... OK
* checking Rd contents ... OK
* checking for unstated dependencies in examples ... OK
* checking line endings in Makefiles ... OK
* checking for GNU extensions in Makefiles ... OK
* checking include directives in Makefiles ... OK
* checking installed files from ‘inst/doc’ ... OK
* checking files in ‘vignettes’ ... OK
* checking examples ... OK
* checking for unstated dependencies in ‘tests’ ... OK
* checking tests ... ERROR
  Running ‘doRUnit.R’
Running the tests in ‘tests/doRUnit.R’ failed.
Last 13 lines of output:
  Number of errors: 0 
  Number of failures: 0 
  
   
  1 Test Suite : 
  SNPchip unit testing - 0 test functions, 0 errors, 0 failures
  Error in file(file, ifelse(append, "a", "w")) : 
    cannot open the connection
  Calls: printTextProtocol -> cat -> file
  In addition: Warning messages:
  1: multiple methods tables found for 'coverage2' 
  2: replacing previous import 'IRanges::coverage2' by 'oligoClasses::coverage2' when loading 'SNPchip' 
  3: In file(file, ifelse(append, "a", "w")) :
    cannot open file '/var/scratchro/tomas/QA/R-74238/lib/SNPchip/unitTests/reportSummary.txt': Read-only file system
  Execution halted
* checking for unstated dependencies in vignettes ... OK
* checking package vignettes in ‘inst/doc’ ... OK
* checking running R code from vignettes ... OK
* checking re-building of vignette outputs ... OK
* checking PDF version of manual ... OK
* DONE
Status: 1 ERROR, 1 WARNING, 2 NOTEs
