* using log directory ‘/ssd/tomas/QA/R-73707/check/annmap.Rcheck’
* using R Under development (unstable) (2017-11-10 r73707)
* using platform: x86_64-pc-linux-gnu (64-bit)
* using session charset: UTF-8
* checking for file ‘annmap/DESCRIPTION’ ... OK
* checking extension type ... Package
* this is package ‘annmap’ version ‘1.21.0’
* checking package namespace information ... OK
* checking package dependencies ... OK
* checking if this is a source package ... OK
* checking if there is a namespace ... OK
* checking for executable files ... OK
* checking for hidden files and directories ... NOTE
Found the following hidden files and directories:
  .BBSoptions
These were most likely included in error. See section ‘Package
structure’ in the ‘Writing R Extensions’ manual.
* checking for portable file names ... OK
* checking for sufficient/correct file permissions ... OK
* checking whether package ‘annmap’ can be installed ... OK
* checking package directory ... OK
* checking ‘build’ directory ... OK
* checking DESCRIPTION meta-information ... NOTE
Malformed Title field: should not end in a period.
* checking top-level files ... OK
* checking for left-over files ... OK
* checking index information ... OK
* checking package subdirectories ... OK
* checking R files for non-ASCII characters ... OK
* checking R files for syntax errors ... OK
* checking whether the package can be loaded ... OK
* checking whether the package can be loaded with stated dependencies ... OK
* checking whether the package can be unloaded cleanly ... OK
* checking whether the namespace can be loaded with stated dependencies ... OK
* checking whether the namespace can be unloaded cleanly ... OK
* checking loading without being on the library search path ... OK
* checking dependencies in R code ... NOTE
'library' or 'require' call to ‘rjson’ in package code.
  Please use :: or requireNamespace() instead.
  See section 'Suggested packages' in the 'Writing R Extensions' manual.
There are ::: calls to the package's namespace in its code. A package
  almost never needs to use ::: for its own objects:
  ‘.make.hash’
* checking S3 generic/method consistency ... OK
* checking replacement functions ... OK
* checking foreign function calls ... OK
* checking R code for possible problems ... NOTE
.coerce: no visible global function definition for ‘setNames’
.coerce: no visible binding for global variable ‘v’
.coerce: no visible binding for global variable ‘k’
.get.stats.cache: no visible global function definition for
  ‘flush.console’
.layout.genes: no visible global function definition for ‘strwidth’
.load.and.parse: no visible global function definition for ‘fromJSON’
.read.databases: no visible global function definition for ‘read.table’
.single.transcript.coords.to.genome: no visible global function
  definition for ‘tail’
.xmc.connect: no visible global function definition for ‘menu’
.xmcws.connect: no visible global function definition for ‘fromJSON’
.xmcws.connect: no visible global function definition for ‘menu’
annmapAddConnection: no visible global function definition for
  ‘write.table’
annmapConnect: no visible global function definition for
  ‘install.packages’
arrayType: no visible global function definition for ‘menu’
convertBamToRle : <anonymous>: no visible global function definition
  for ‘Rle’
geneToGeneRegionTrack : generate: no visible global function definition
  for ‘GeneRegionTrack’
generateBridgeData: no visible global function definition for ‘rainbow’
genomicPlot : <anonymous>: no visible global function definition for
  ‘rgb’
genomicPlot: no visible global function definition for ‘rgb’
ngsTracePlotter : local.draw: no visible global function definition for
  ‘runValue’
ngsTracePlotter: no visible global function definition for ‘modifyList’
ngsTraceScale : <anonymous>: no visible global function definition for
  ‘runValue’
seqnameMapping: no visible global function definition for ‘seqlevels<-’
seqnameMapping: no visible global function definition for ‘seqlevels’
Undefined global functions or variables:
  GeneRegionTrack Rle flush.console fromJSON install.packages k menu
  modifyList rainbow read.table rgb runValue seqlevels seqlevels<-
  setNames strwidth tail v write.table
Consider adding
  importFrom("grDevices", "rainbow", "rgb")
  importFrom("graphics", "strwidth")
  importFrom("stats", "setNames")
  importFrom("utils", "flush.console", "install.packages", "menu",
             "modifyList", "read.table", "tail", "write.table")
to your NAMESPACE file.
* checking Rd files ... OK
* checking Rd metadata ... OK
* checking Rd cross-references ... WARNING
Missing link or links in documentation object 'plot.ngs.Rd':
  ‘[IRanges]{Rle}’

See section 'Cross-references' in the 'Writing R Extensions' manual.

* checking for missing documentation entries ... OK
* checking for code/documentation mismatches ... OK
* checking Rd \usage sections ... OK
* checking Rd contents ... OK
* checking for unstated dependencies in examples ... OK
* checking line endings in Makefiles ... OK
* checking for GNU extensions in Makefiles ... OK
* checking installed files from ‘inst/doc’ ... OK
* checking files in ‘vignettes’ ... OK
* checking examples ... OK
* checking for unstated dependencies in ‘tests’ ... OK
* checking tests ... ERROR
  Running ‘doRUnit.R’
Running the tests in ‘tests/doRUnit.R’ failed.
Last 13 lines of output:
  ------------------- UNIT TEST SUMMARY ---------------------
  
  RUNIT TEST PROTOCOL -- Fri Nov 24 10:15:58 2017 
  *********************************************** 
  Number of test functions: 42 
  Number of errors: 0 
  Number of failures: 0 
  
   
  1 Test Suite : 
  annmap unit testing - 42 test functions, 0 errors, 0 failures
  Error in file(file, ifelse(append, "a", "w")) : 
    (converted from warning) cannot open file '/var/scratchro/tomas/QA/R-73707/lib/annmap/unitTests/reportSummary.txt': Read-only file system
  Calls: printTextProtocol -> cat -> file
  Execution halted
* checking for unstated dependencies in vignettes ... OK
* checking package vignettes in ‘inst/doc’ ... OK
* checking running R code from vignettes ... NONE
* checking re-building of vignette outputs ... WARNING
Error in re-building vignettes:
  ...
.

See the auto-pst-pdf package documentation for explanation.
Type  H <return>  for immediate help.
 ...                                              
                                                  
l.134         Or turn off auto-pst-pdf.}
                                        %
? 
/usr/share/texlive/texmf-dist/tex/latex/auto-pst-pdf/auto-pst-pdf.sty:134: Emer
gency stop.
 ...                                              
                                                  
l.134         Or turn off auto-pst-pdf.}
                                        %
/usr/share/texlive/texmf-dist/tex/latex/auto-pst-pdf/auto-pst-pdf.sty:134:  ==>
 Fatal error occurred, no output PDF file produced!
Transcript written on annmap.log.
/usr/bin/texi2dvi: pdflatex exited with bad status, quitting.
Makefile:7: recipe for target 'pdf' failed
make[1]: *** [pdf] Error 1
make[1]: Leaving directory '/ssd/tomas/QA/R-73707/check/annmap.Rcheck/vign_test/annmap/vignettes'
Error in buildVignettes(dir = "/ssd/tomas/QA/R-73707/check/annmap.Rcheck/vign_test/annmap") : 
  running 'make' failed
Execution halted

* checking PDF version of manual ... OK
* DONE
Status: 1 ERROR, 2 WARNINGs, 4 NOTEs
