* using log directory ‘/ssd/tomas/QA/R-73707/check/Bchron.Rcheck’
* using R Under development (unstable) (2017-11-10 r73707)
* using platform: x86_64-pc-linux-gnu (64-bit)
* using session charset: UTF-8
* checking for file ‘Bchron/DESCRIPTION’ ... OK
* checking extension type ... Package
* this is package ‘Bchron’ version ‘4.2.6’
* package encoding: UTF-8
* checking package namespace information ... OK
* checking package dependencies ... OK
* checking if this is a source package ... OK
* checking if there is a namespace ... OK
* checking for executable files ... OK
* checking for hidden files and directories ... OK
* checking for portable file names ... OK
* checking for sufficient/correct file permissions ... OK
* checking whether package ‘Bchron’ can be installed ... OK
* checking package directory ... OK
* checking ‘build’ directory ... OK
* checking DESCRIPTION meta-information ... OK
* checking top-level files ... OK
* checking for left-over files ... OK
* checking index information ... OK
* checking package subdirectories ... OK
* checking R files for non-ASCII characters ... OK
* checking R files for syntax errors ... OK
* checking whether the package can be loaded ... OK
* checking whether the package can be loaded with stated dependencies ... OK
* checking whether the package can be unloaded cleanly ... OK
* checking whether the namespace can be loaded with stated dependencies ... OK
* checking whether the namespace can be unloaded cleanly ... OK
* checking loading without being on the library search path ... OK
* checking dependencies in R code ... NOTE
Namespace in Imports field not imported from: ‘inline’
  All declared Imports should be used.
* checking S3 generic/method consistency ... OK
* checking replacement functions ... OK
* checking foreign function calls ... OK
* checking R code for possible problems ... OK
* checking Rd files ... OK
* checking Rd metadata ... OK
* checking Rd cross-references ... OK
* checking for missing documentation entries ... OK
* checking for code/documentation mismatches ... OK
* checking Rd \usage sections ... OK
* checking Rd contents ... OK
* checking for unstated dependencies in examples ... OK
* checking contents of ‘data’ directory ... OK
* checking data for non-ASCII characters ... OK
* checking data for ASCII and uncompressed saves ... OK
* checking line endings in C/C++/Fortran sources/headers ... OK
* checking compiled code ... NOTE
Note: information on .o files is not available
* checking installed files from ‘inst/doc’ ... OK
* checking files in ‘vignettes’ ... OK
* checking examples ... OK
* checking for unstated dependencies in vignettes ... OK
* checking package vignettes in ‘inst/doc’ ... OK
* checking running R code from vignettes ... NONE
* checking re-building of vignette outputs ... WARNING
Error in re-building vignettes:
  ...
Warning in engine$weave(file, quiet = quiet, encoding = enc) :
  Pandoc (>= 1.12.3) and/or pandoc-citeproc not available. Falling back to R Markdown v1.
Warning in gzfile(file, "wb") :
  cannot open compressed file '/var/scratchro/tomas/QA/R-73707/lib/Bchron/data/intcal09.rda', probable reason 'Read-only file system'
Quitting from lines 279-283 (Bchron.Rmd) 
Error: processing vignette 'Bchron.Rmd' failed with diagnostics:
cannot open the connection
Execution halted

* checking PDF version of manual ... OK
* DONE
Status: 1 WARNING, 2 NOTEs
