* using log directory ‘/ssd/tomas/QA/R-73707/check/BeadDataPackR.Rcheck’
* using R Under development (unstable) (2017-11-10 r73707)
* using platform: x86_64-pc-linux-gnu (64-bit)
* using session charset: UTF-8
* checking for file ‘BeadDataPackR/DESCRIPTION’ ... OK
* checking extension type ... Package
* this is package ‘BeadDataPackR’ version ‘1.31.0’
* checking package namespace information ... OK
* checking package dependencies ... OK
* checking if this is a source package ... OK
* checking if there is a namespace ... OK
* checking for executable files ... OK
* checking for hidden files and directories ... OK
* checking for portable file names ... OK
* checking for sufficient/correct file permissions ... OK
* checking whether package ‘BeadDataPackR’ can be installed ... OK
* checking package directory ... OK
* checking ‘build’ directory ... OK
* checking DESCRIPTION meta-information ... NOTE
Malformed Description field: should contain one or more complete sentences.
* checking top-level files ... OK
* checking for left-over files ... OK
* checking index information ... OK
* checking package subdirectories ... OK
* checking R files for non-ASCII characters ... OK
* checking R files for syntax errors ... OK
* checking whether the package can be loaded ... OK
* checking whether the package can be loaded with stated dependencies ... OK
* checking whether the package can be unloaded cleanly ... OK
* checking whether the namespace can be loaded with stated dependencies ... OK
* checking whether the namespace can be unloaded cleanly ... OK
* checking loading without being on the library search path ... OK
* checking dependencies in R code ... OK
* checking S3 generic/method consistency ... OK
* checking replacement functions ... OK
* checking foreign function calls ... OK
* checking R code for possible problems ... NOTE
combineFiles: no visible global function definition for
  ‘setTxtProgressBar’
compressBeadData: no visible global function definition for
  ‘txtProgressBar’
compressBeadData: no visible global function definition for
  ‘setTxtProgressBar’
createIndices: no visible global function definition for
  ‘setTxtProgressBar’
createIndices: no visible global function definition for ‘lm’
decodeIndices: no visible global function definition for
  ‘setTxtProgressBar’
decompressBeadData: no visible global function definition for
  ‘txtProgressBar’
decompressBeadData: no visible global function definition for
  ‘setTxtProgressBar’
decompressBeadData: no visible global function definition for
  ‘write.table’
numberOfChannels: no visible global function definition for
  ‘read.table’
writeBabBody: no visible global function definition for
  ‘setTxtProgressBar’
Undefined global functions or variables:
  lm read.table setTxtProgressBar txtProgressBar write.table
Consider adding
  importFrom("stats", "lm")
  importFrom("utils", "read.table", "setTxtProgressBar",
             "txtProgressBar", "write.table")
to your NAMESPACE file.
* checking Rd files ... OK
* checking Rd metadata ... OK
* checking Rd cross-references ... OK
* checking for missing documentation entries ... OK
* checking for code/documentation mismatches ... OK
* checking Rd \usage sections ... OK
* checking Rd contents ... OK
* checking for unstated dependencies in examples ... OK
* checking line endings in C/C++/Fortran sources/headers ... OK
* checking compiled code ... NOTE
Note: information on .o files is not available
* checking installed files from ‘inst/doc’ ... OK
* checking files in ‘vignettes’ ... OK
* checking examples ... ERROR
Running examples in ‘BeadDataPackR-Ex.R’ failed
The error most likely occurred in:

> ### Name: compressBeadData
> ### Title: Write raw bead level data to a compressed format.
> ### Aliases: compressBeadData
> ### Keywords: IO
> 
> ### ** Examples
> 
>  
>     dataPath <- system.file("extdata", package = "BeadDataPackR")   
>     compressBeadData(txtFile = "example.txt", locsGrn = "example_Grn.locs", 
+     outputFile = "example.bab", path = dataPath, nBytes = 4, nrow = 326, 
+     ncol = 4, fullLocsIndex = TRUE)

Compressing example

  |                                                                            
  |                                                                      |   0%
  |                                                                            
  |=                                                                     |   1%
  |                                                                            
  |====                                                                  |   5%
  |                                                                            
  |=======                                                               |  10%
  |                                                                            
  |==============                                                        |  20%
  |                                                                            
  |=====================                                                 |  30%
  |                                                                            
  |============================                                          |  40%
  |                                                                            
  |===================================                                   |  50%Warning in file(outputFile, "wb") :
  cannot open file '/var/scratchro/tomas/QA/R-73707/lib/BeadDataPackR/extdata/example.bab': Read-only file system
Error in file(outputFile, "wb") : cannot open the connection
Calls: compressBeadData -> file
Execution halted
* checking for unstated dependencies in vignettes ... OK
* checking package vignettes in ‘inst/doc’ ... OK
* checking running R code from vignettes ... NONE
* checking re-building of vignette outputs ... OK
* checking PDF version of manual ... OK
* DONE
Status: 1 ERROR, 3 NOTEs
