* using log directory ‘/ssd/tomas/QA/R-73707/check/DiffBind.Rcheck’
* using R Under development (unstable) (2017-11-10 r73707)
* using platform: x86_64-pc-linux-gnu (64-bit)
* using session charset: UTF-8
* checking for file ‘DiffBind/DESCRIPTION’ ... OK
* checking extension type ... Package
* this is package ‘DiffBind’ version ‘2.7.1’
* checking package namespace information ... OK
* checking package dependencies ... OK
* checking if this is a source package ... OK
* checking if there is a namespace ... OK
* checking for executable files ... OK
* checking for hidden files and directories ... OK
* checking for portable file names ... OK
* checking for sufficient/correct file permissions ... OK
* checking whether package ‘DiffBind’ can be installed ... OK
* checking package directory ... OK
* checking ‘build’ directory ... OK
* checking DESCRIPTION meta-information ... OK
* checking top-level files ... OK
* checking for left-over files ... OK
* checking index information ... OK
* checking package subdirectories ... OK
* checking R files for non-ASCII characters ... OK
* checking R files for syntax errors ... OK
* checking whether the package can be loaded ... OK
* checking whether the package can be loaded with stated dependencies ... OK
* checking whether the package can be unloaded cleanly ... OK
* checking whether the namespace can be loaded with stated dependencies ... OK
* checking whether the namespace can be unloaded cleanly ... OK
* checking loading without being on the library search path ... OK
* checking dependencies in R code ... OK
* checking S3 generic/method consistency ... OK
* checking replacement functions ... OK
* checking foreign function calls ... OK
* checking R code for possible problems ... NOTE
pv.DBAplotVolcano: no visible binding for global variable ‘Fold’
pv.DBAplotVolcano: no visible binding for global variable ‘Legend’
Undefined global functions or variables:
  Fold Legend
* checking Rd files ... OK
* checking Rd metadata ... OK
* checking Rd cross-references ... OK
* checking for missing documentation entries ... OK
* checking for code/documentation mismatches ... OK
* checking Rd \usage sections ... OK
* checking Rd contents ... OK
* checking for unstated dependencies in examples ... OK
* checking contents of ‘data’ directory ... OK
* checking data for non-ASCII characters ... OK
* checking data for ASCII and uncompressed saves ... OK
* checking line endings in C/C++/Fortran sources/headers ... OK
* checking line endings in Makefiles ... OK
* checking compilation flags in Makevars ... OK
* checking for GNU extensions in Makefiles ... OK
* checking for portable use of $(BLAS_LIBS) and $(LAPACK_LIBS) ... OK
* checking compiled code ... NOTE
Note: information on .o files is not available
File ‘/var/scratchro/tomas/QA/R-73707/lib/DiffBind/libs/DiffBind.so’:
  Found ‘puts’, possibly from ‘printf’ (C), ‘puts’ (C)
  Found ‘stderr’, possibly from ‘stderr’ (C)
  Found ‘stdout’, possibly from ‘stdout’ (C)

Compiled code should not call entry points which might terminate R nor
write to stdout/stderr instead of to the console, nor the system RNG.
The detected symbols are linked into the code but might come from
libraries and not actually be called.

See ‘Writing portable packages’ in the ‘Writing R Extensions’ manual.
* checking installed files from ‘inst/doc’ ... OK
* checking files in ‘vignettes’ ... OK
* checking examples ... ERROR
Running examples in ‘DiffBind-Ex.R’ failed
The error most likely occurred in:

> ### Name: dba.load
> ### Title: load DBA object
> ### Aliases: dba.load
> 
> ### ** Examples
> 
> data(tamoxifen_peaks)
> dba.save(tamoxifen,'tamoxifenPeaks')
Warning in gzfile(file, "wb", compression = compression_level) :
  cannot open compressed file './dba_tamoxifenPeaks.RData', probable reason 'Read-only file system'
Error in gzfile(file, "wb", compression = compression_level) : 
  cannot open the connection
Calls: dba.save -> pv.save -> save -> gzfile
Execution halted
* checking for unstated dependencies in ‘tests’ ... OK
* checking tests ... OK
  Running ‘testthat.R’
* checking for unstated dependencies in vignettes ... OK
* checking package vignettes in ‘inst/doc’ ... OK
* checking running R code from vignettes ... OK
* checking re-building of vignette outputs ... OK
* checking PDF version of manual ... OK
* DONE
Status: 1 ERROR, 2 NOTEs
