* using log directory ‘/ssd/tomas/QA/R-73707/check/geneRxCluster.Rcheck’
* using R Under development (unstable) (2017-11-10 r73707)
* using platform: x86_64-pc-linux-gnu (64-bit)
* using session charset: UTF-8
* checking for file ‘geneRxCluster/DESCRIPTION’ ... OK
* this is package ‘geneRxCluster’ version ‘1.15.0’
* checking package namespace information ... OK
* checking package dependencies ... OK
* checking if this is a source package ... OK
* checking if there is a namespace ... OK
* checking for executable files ... OK
* checking for hidden files and directories ... OK
* checking for portable file names ... OK
* checking for sufficient/correct file permissions ... OK
* checking whether package ‘geneRxCluster’ can be installed ... OK
* checking package directory ... OK
* checking ‘build’ directory ... OK
* checking DESCRIPTION meta-information ... OK
* checking top-level files ... OK
* checking for left-over files ... OK
* checking index information ... OK
* checking package subdirectories ... OK
* checking R files for non-ASCII characters ... OK
* checking R files for syntax errors ... OK
* checking whether the package can be loaded ... OK
* checking whether the package can be loaded with stated dependencies ... OK
* checking whether the package can be unloaded cleanly ... OK
* checking whether the namespace can be loaded with stated dependencies ... OK
* checking whether the namespace can be unloaded cleanly ... OK
* checking loading without being on the library search path ... OK
* checking dependencies in R code ... OK
* checking S3 generic/method consistency ... OK
* checking replacement functions ... OK
* checking foreign function calls ... OK
* checking R code for possible problems ... NOTE
.gRxCluster: no visible global function definition for ‘tail’
.gRxCluster: no visible global function definition for ‘head’
.gRxCluster: no visible global function definition for ‘metadata’
.gRxCluster: no visible global function definition for ‘metadata<-’
critVal.alpha : <anonymous>: no visible global function definition for
  ‘pbinom’
critVal.alpha : <anonymous>: no visible global function definition for
  ‘tail’
critVal.alpha : <anonymous>: no visible global function definition for
  ‘head’
critVal.power: no visible global function definition for ‘plogis’
critVal.power: no visible global function definition for ‘qlogis’
critVal.power : <anonymous>: no visible global function definition for
  ‘qbinom’
critVal.power : <anonymous>: no visible global function definition for
  ‘dbinom’
critVal.power : <anonymous>: no visible global function definition for
  ‘pbinom’
critVal.target : <anonymous>: no visible global function definition for
  ‘pbinom’
critVal.target : <anonymous>: no visible global function definition for
  ‘tail’
critVal.target : <anonymous>: no visible global function definition for
  ‘head’
gRxCluster: no visible global function definition for ‘as’
gRxCluster: no visible global function definition for ‘runValue’
gRxCluster: no visible global function definition for ‘metadata’
gRxCluster: no visible global function definition for ‘metadata<-’
gRxPlot: no visible global function definition for ‘qlogis’
gRxPlot: no visible global function definition for ‘hist’
gRxPlot: no visible global function definition for ‘plot’
gRxPlot: no visible global function definition for ‘metadata’
gRxPlotClumps: no visible global function definition for ‘metadata’
gRxPlotClumps: no visible global function definition for ‘seqlengths’
gRxPlotClumps: no visible global function definition for ‘runValue’
gRxPlotClumps: no visible global function definition for ‘seqlengths<-’
gRxPlotClumps: no visible global function definition for ‘queryHits’
gRxPlotClumps: no visible global function definition for ‘subjectHits’
gRxPlotClumps: no visible global function definition for ‘par’
gRxPlotClumps: no visible global function definition for ‘plot’
gRxPlotClumps: no visible global function definition for ‘box’
gRxPlotClumps: no visible global function definition for ‘segments’
gRxPlotClumps: no visible global function definition for ‘text’
gRxSummary: no visible global function definition for ‘metadata’
plot.cutpoints: no visible global function definition for ‘barplot’
plot.cutpoints: no visible global function definition for ‘points’
prune.loglik : x.max: no visible global function definition for
  ‘subjectHits’
Undefined global functions or variables:
  as barplot box dbinom head hist metadata metadata<- par pbinom plogis
  plot points qbinom qlogis queryHits runValue segments seqlengths
  seqlengths<- subjectHits tail text
Consider adding
  importFrom("graphics", "barplot", "box", "hist", "par", "plot",
             "points", "segments", "text")
  importFrom("methods", "as")
  importFrom("stats", "dbinom", "pbinom", "plogis", "qbinom", "qlogis")
  importFrom("utils", "head", "tail")
to your NAMESPACE file (and ensure that your DESCRIPTION Imports field
contains 'methods').
* checking Rd files ... OK
* checking Rd metadata ... OK
* checking Rd cross-references ... OK
* checking for missing documentation entries ... OK
* checking for code/documentation mismatches ... OK
* checking Rd \usage sections ... OK
* checking Rd contents ... OK
* checking for unstated dependencies in examples ... OK
* checking line endings in C/C++/Fortran sources/headers ... OK
* checking line endings in Makefiles ... OK
* checking for GNU extensions in Makefiles ... OK
* checking compiled code ... NOTE
Note: information on .o files is not available
* checking installed files from ‘inst/doc’ ... OK
* checking files in ‘vignettes’ ... OK
* checking examples ... OK
* checking for unstated dependencies in ‘tests’ ... OK
* checking tests ... ERROR
  Running ‘doRunit.R’
Running the tests in ‘tests/doRunit.R’ failed.
Last 13 lines of output:
  *********************************************** 
  Number of test functions: 5 
  Number of errors: 0 
  Number of failures: 0 
  
   
  1 Test Suite : 
  geneRxCluster unit testing - 5 test functions, 0 errors, 0 failures
  Error in file(file, ifelse(append, "a", "w")) : 
    cannot open the connection
  Calls: printTextProtocol -> cat -> file
  In addition: Warning message:
  In file(file, ifelse(append, "a", "w")) :
    cannot open file '/var/scratchro/tomas/QA/R-73707/lib/geneRxCluster/unitTests/reportSummary.txt': Read-only file system
  Execution halted
* checking for unstated dependencies in vignettes ... OK
* checking package vignettes in ‘inst/doc’ ... OK
* checking running R code from vignettes ... OK
* checking re-building of vignette outputs ... OK
* checking PDF version of manual ... OK
* DONE
Status: 1 ERROR, 2 NOTEs
