* using log directory ‘/ssd/tomas/QA/R-73707/check/LOLA.Rcheck’
* using R Under development (unstable) (2017-11-10 r73707)
* using platform: x86_64-pc-linux-gnu (64-bit)
* using session charset: UTF-8
* checking for file ‘LOLA/DESCRIPTION’ ... OK
* this is package ‘LOLA’ version ‘1.9.0’
* checking package namespace information ... OK
* checking package dependencies ... OK
* checking if this is a source package ... OK
* checking if there is a namespace ... OK
* checking for executable files ... OK
* checking for hidden files and directories ... NOTE
Found the following hidden files and directories:
  .travis.yml
These were most likely included in error. See section ‘Package
structure’ in the ‘Writing R Extensions’ manual.
* checking for portable file names ... OK
* checking for sufficient/correct file permissions ... OK
* checking whether package ‘LOLA’ can be installed ... OK
* checking package directory ... OK
* checking ‘build’ directory ... OK
* checking DESCRIPTION meta-information ... NOTE
Authors@R field gives more than one person with maintainer role:
  Nathan Sheffield [aut, cre]
  Christoph Bock [cre]
Authors@R field gives no person with maintainer role, valid email
address and non-empty name.
* checking top-level files ... OK
* checking for left-over files ... OK
* checking index information ... OK
* checking package subdirectories ... OK
* checking R files for non-ASCII characters ... OK
* checking R files for syntax errors ... OK
* checking whether the package can be loaded ... OK
* checking whether the package can be loaded with stated dependencies ... OK
* checking whether the package can be unloaded cleanly ... OK
* checking whether the namespace can be loaded with stated dependencies ... OK
* checking whether the namespace can be unloaded cleanly ... OK
* checking loading without being on the library search path ... OK
* checking dependencies in R code ... OK
* checking S3 generic/method consistency ... OK
* checking replacement functions ... OK
* checking foreign function calls ... OK
* checking R code for possible problems ... OK
* checking Rd files ... OK
* checking Rd metadata ... OK
* checking Rd cross-references ... OK
* checking for missing documentation entries ... OK
* checking for code/documentation mismatches ... OK
* checking Rd \usage sections ... OK
* checking Rd contents ... OK
* checking for unstated dependencies in examples ... OK
* checking contents of ‘data’ directory ... OK
* checking data for non-ASCII characters ... OK
* checking data for ASCII and uncompressed saves ... OK
* checking installed files from ‘inst/doc’ ... OK
* checking files in ‘vignettes’ ... OK
* checking examples ... ERROR
Running examples in ‘LOLA-Ex.R’ failed
The error most likely occurred in:

> ### Name: extractEnrichmentOverlaps
> ### Title: Given a single row from an enrichment table calculation, finds
> ###   the set of overlaps between the user set and the test set. You can
> ###   then use these, for example, to get sequences for those regions.
> ### Aliases: extractEnrichmentOverlaps
> 
> ### ** Examples
> 
> dbPath = system.file("extdata", "hg19", package="LOLA")
> regionDB = loadRegionDB(dbLocation=dbPath)
Reading collection annotations: 
	ucsc_example: found collection annotation:/var/scratchro/tomas/QA/R-73707/lib/LOLA/extdata/hg19/ucsc_example/collection.txt
Reading region annotations...
::Creating cache::	/var/scratchro/tomas/QA/R-73707/lib/LOLA/extdata/hg19/ucsc_example//ucsc_example_files.RData
/var/scratchro/tomas/QA/R-73707/lib/LOLA/extdata/hg19//ucsc_example/regions
	In 'ucsc_example', found index file:/var/scratchro/tomas/QA/R-73707/lib/LOLA/extdata/hg19/ucsc_example/index.txt
Collection: ucsc_example. Creating size file...
Warning in file(file, ifelse(append, "a", "w")) :
  cannot open file '/var/scratchro/tomas/QA/R-73707/lib/LOLA/extdata/hg19/ucsc_example/sizes.txt': Read-only file system
Error in file(file, ifelse(append, "a", "w")) : 
  cannot open the connection
Calls: loadRegionDB ... tryCatch -> tryCatchList -> tryCatchOne -> <Anonymous>
Execution halted
* checking for unstated dependencies in ‘tests’ ... OK
* checking tests ... ERROR
  Running ‘testthat.R’
Running the tests in ‘tests/testthat.R’ failed.
Last 13 lines of output:
  cannot open the connection
  1: splitFileIntoCollection(cr, 4) at testthat/test_all.R:144
  2: write.tsv(sDT[[i]], paste0(collectionFolder, "/", nDT[[i]], ".bed"), col.names = FALSE)
  3: write.table(..., sep = "\t", row.names = FALSE, quote = FALSE)
  4: file(file, ifelse(append, "a", "w"))
  
  testthat results ================================================================
  OK: 10 SKIPPED: 0 FAILED: 4
  1. Error: loadRegionDB (@test_all.R#8) 
  2. Error: runLOLA (@test_all.R#53) 
  3. Error: readRegionSetAnnotation (@test_all.R#98) 
  4. Error: readBed (@test_all.R#144) 
  
  Error: testthat unit tests failed
  Execution halted
* checking for unstated dependencies in vignettes ... OK
* checking package vignettes in ‘inst/doc’ ... OK
* checking running R code from vignettes ... NONE
* checking re-building of vignette outputs ... WARNING
Error in re-building vignettes:
  ...
Warning in engine$weave(file, quiet = quiet, encoding = enc) :
  Pandoc (>= 1.12.3) and/or pandoc-citeproc not available. Falling back to R Markdown v1.
Warning in engine$weave(file, quiet = quiet, encoding = enc) :
  Pandoc (>= 1.12.3) and/or pandoc-citeproc not available. Falling back to R Markdown v1.
Quitting from lines 24-27 (gettingStarted.Rmd) 
Error: processing vignette 'gettingStarted.Rmd' failed with diagnostics:
cannot open the connection
Execution halted

* checking PDF version of manual ... OK
* DONE
Status: 2 ERRORs, 1 WARNING, 2 NOTEs
