* using log directory ‘/ssd/tomas/QA/R-73707/check/metScanR.Rcheck’
* using R Under development (unstable) (2017-11-10 r73707)
* using platform: x86_64-pc-linux-gnu (64-bit)
* using session charset: UTF-8
* checking for file ‘metScanR/DESCRIPTION’ ... OK
* this is package ‘metScanR’ version ‘1.1.1’
* package encoding: UTF-8
* checking package namespace information ... OK
* checking package dependencies ... OK
* checking if this is a source package ... OK
* checking if there is a namespace ... OK
* checking for executable files ... OK
* checking for hidden files and directories ... OK
* checking for portable file names ... OK
* checking for sufficient/correct file permissions ... OK
* checking whether package ‘metScanR’ can be installed ... OK
* checking package directory ... OK
* checking DESCRIPTION meta-information ... OK
* checking top-level files ... OK
* checking for left-over files ... OK
* checking index information ... OK
* checking package subdirectories ... OK
* checking R files for non-ASCII characters ... OK
* checking R files for syntax errors ... OK
* checking whether the package can be loaded ... OK
* checking whether the package can be loaded with stated dependencies ... OK
* checking whether the package can be unloaded cleanly ... OK
* checking whether the namespace can be loaded with stated dependencies ... NOTE
Warning in utils::download.file(extDB, destfile = localDB, quiet = T) :
  URL https://github.com/cflagg/metScanR/raw/master/data/metScanR_DB.rda: cannot open destfile '/var/scratchro/tomas/QA/R-73707/lib/metScanR/data/metScanR_DB.rda', reason 'Read-only file system'
Warning in utils::download.file(extDB, destfile = localDB, quiet = T) :
  download had nonzero exit status
Warning in utils::download.file(extTermsDB, destfile = localTermsDB, quiet = T) :
  URL https://github.com/cflagg/metScanR/raw/master/data/metScanR_terms.rda: cannot open destfile '/var/scratchro/tomas/QA/R-73707/lib/metScanR/data/metScanR_terms.rda', reason 'Read-only file system'
Warning in utils::download.file(extTermsDB, destfile = localTermsDB, quiet = T) :
  download had nonzero exit status

A namespace must be able to be loaded with just the base namespace
loaded: otherwise if the namespace gets loaded by a saved object, the
session will be unable to start.

Probably some imports need to be declared in the NAMESPACE file.
* checking whether the namespace can be unloaded cleanly ... OK
* checking loading without being on the library search path ... OK
* checking dependencies in R code ... NOTE
Namespace in Imports field not imported from: ‘RCurl’
  All declared Imports should be used.
* checking S3 generic/method consistency ... OK
* checking replacement functions ... OK
* checking foreign function calls ... OK
* checking R code for possible problems ... OK
* checking Rd files ... OK
* checking Rd metadata ... OK
* checking Rd cross-references ... OK
* checking for missing documentation entries ... OK
* checking for code/documentation mismatches ... OK
* checking Rd \usage sections ... OK
* checking Rd contents ... OK
* checking for unstated dependencies in examples ... OK
* checking contents of ‘data’ directory ... OK
* checking data for non-ASCII characters ... NOTE
  Note: found 2 marked UTF-8 strings
* checking data for ASCII and uncompressed saves ... OK
* checking examples ... OK
* checking for unstated dependencies in ‘tests’ ... OK
* checking tests ... OK
  Running ‘testthat.R’
* checking PDF version of manual ... OK
* DONE
Status: 3 NOTEs
