* using log directory ‘/ssd/tomas/QA/R-73707/check/mQTL.NMR.Rcheck’
* using R Under development (unstable) (2017-11-10 r73707)
* using platform: x86_64-pc-linux-gnu (64-bit)
* using session charset: UTF-8
* checking for file ‘mQTL.NMR/DESCRIPTION’ ... OK
* checking extension type ... Package
* this is package ‘mQTL.NMR’ version ‘1.13.0’
* checking package namespace information ... OK
* checking package dependencies ... OK
* checking if this is a source package ... OK
* checking if there is a namespace ... OK
* checking for executable files ... OK
* checking for hidden files and directories ... OK
* checking for portable file names ... OK
* checking for sufficient/correct file permissions ... OK
* checking whether package ‘mQTL.NMR’ can be installed ... OK
* checking package directory ... OK
* checking ‘build’ directory ... OK
* checking DESCRIPTION meta-information ... OK
* checking top-level files ... OK
* checking for left-over files ... OK
* checking index information ... OK
* checking package subdirectories ... NOTE
Found the following CITATION file in a non-standard place:
  inst/CITATION.Rd
Most likely ‘inst/CITATION’ should be used instead.
* checking R files for non-ASCII characters ... OK
* checking R files for syntax errors ... OK
* checking whether the package can be loaded ... OK
* checking whether the package can be loaded with stated dependencies ... OK
* checking whether the package can be unloaded cleanly ... OK
* checking whether the namespace can be loaded with stated dependencies ... OK
* checking whether the namespace can be unloaded cleanly ... OK
* checking loading without being on the library search path ... OK
* checking dependencies in R code ... OK
* checking S3 generic/method consistency ... OK
* checking replacement functions ... OK
* checking foreign function calls ... OK
* checking R code for possible problems ... NOTE
circle_mQTL: no visible global function definition for ‘rainbow’
post_mQTL: no visible global function definition for ‘dev.new’
post_mQTL: no visible global function definition for ‘png’
post_mQTL: no visible global function definition for ‘dev.off’
ppersp: no visible global function definition for ‘colorRampPalette’
Undefined global functions or variables:
  colorRampPalette dev.new dev.off png rainbow
Consider adding
  importFrom("grDevices", "colorRampPalette", "dev.new", "dev.off",
             "png", "rainbow")
to your NAMESPACE file.
* checking Rd files ... OK
* checking Rd metadata ... OK
* checking Rd cross-references ... OK
* checking for missing documentation entries ... OK
* checking for code/documentation mismatches ... OK
* checking Rd \usage sections ... OK
* checking Rd contents ... OK
* checking for unstated dependencies in examples ... OK
* checking installed files from ‘inst/doc’ ... OK
* checking files in ‘vignettes’ ... OK
* checking examples ... ERROR
Running examples in ‘mQTL.NMR-Ex.R’ failed
The error most likely occurred in:

> ### Name: mQTL.NMR-package
> ### Title: Metabolomic Quantitative Trait Locus mapping for 1H NMR data
> ### Aliases: mQTL.NMR-package mQTL.NMR
> 
> ### ** Examples
> 
> 
> # Download data files
> 
> load_datafiles()
> 
> # Format data
> 
> format_mQTL(phenofile,genofile,physiodat,cleandat,cleangen)
[1] "Start formatting the datafile /var/scratchro/tomas/QA/R-73707/lib/mQTL.NMR/extdata/phenofile.txt and the genotype file /var/scratchro/tomas/QA/R-73707/lib/mQTL.NMR/extdata/genofile.txt into the csvs files: met.clean.txt gen.clean.txt"
> 
> # Constant Sum normlisation
> nmeth<-'CS'
> normalise_mQTL(cleandat,CSnorm,nmeth)
[1] "Start constant sum normalisation:"
> 
> # Alignment
> align_mQTL(CSnorm,aligdat)
[1] "...Automatic selection of a reference spectrum..."
Warning in apply(t(X[, istart:iend]), 2, mean) * rep(1, seglength) :
  longer object length is not a multiple of shorter object length
Warning in apply(t(X[, istart:iend]), 2, mean) * rep(1, seglength) :
  longer object length is not a multiple of shorter object length
Warning in apply(t(X[, istart:iend]), 2, mean) * rep(1, seglength) :
  longer object length is not a multiple of shorter object length
Warning in apply(t(X[, istart:iend]), 2, mean) * rep(1, seglength) :
  longer object length is not a multiple of shorter object length
Warning in apply(t(X[, istart:iend]), 2, mean) * rep(1, seglength) :
  longer object length is not a multiple of shorter object length
Warning in apply(t(X[, istart:iend]), 2, mean) * rep(1, seglength) :
  longer object length is not a multiple of shorter object length
Warning in apply(t(X[, istart:iend]), 2, mean) * rep(1, seglength) :
  longer object length is not a multiple of shorter object length
Warning in apply(t(X[, istart:iend]), 2, mean) * rep(1, seglength) :
  longer object length is not a multiple of shorter object length
Warning in apply(t(X[, istart:iend]), 2, mean) * rep(1, seglength) :
  longer object length is not a multiple of shorter object length
Warning in apply(t(X[, istart:iend]), 2, mean) * rep(1, seglength) :
  longer object length is not a multiple of shorter object length
Warning in apply(t(X[, istart:iend]), 2, mean) * rep(1, seglength) :
  longer object length is not a multiple of shorter object length
Warning in apply(t(X[, istart:iend]), 2, mean) * rep(1, seglength) :
  longer object length is not a multiple of shorter object length
Warning in apply(t(X[, istart:iend]), 2, mean) * rep(1, seglength) :
  longer object length is not a multiple of shorter object length
Warning in apply(t(X[, istart:iend]), 2, mean) * rep(1, seglength) :
  longer object length is not a multiple of shorter object length
Warning in apply(t(X[, istart:iend]), 2, mean) * rep(1, seglength) :
  longer object length is not a multiple of shorter object length
Warning in apply(t(X[, istart:iend]), 2, mean) * rep(1, seglength) :
  longer object length is not a multiple of shorter object length
Warning in apply(t(X[, istart:iend]), 2, mean) * rep(1, seglength) :
  longer object length is not a multiple of shorter object length
Warning in apply(t(X[, istart:iend]), 2, mean) * rep(1, seglength) :
  longer object length is not a multiple of shorter object length
Warning in apply(t(X[, istart:iend]), 2, mean) * rep(1, seglength) :
  longer object length is not a multiple of shorter object length
Warning in apply(t(X[, istart:iend]), 2, mean) * rep(1, seglength) :
  longer object length is not a multiple of shorter object length
Warning in apply(t(X[, istart:iend]), 2, mean) * rep(1, seglength) :
  longer object length is not a multiple of shorter object length
Warning in apply(t(X[, istart:iend]), 2, mean) * rep(1, seglength) :
  longer object length is not a multiple of shorter object length
Warning in apply(t(X[, istart:iend]), 2, mean) * rep(1, seglength) :
  longer object length is not a multiple of shorter object length
Warning in apply(t(X[, istart:iend]), 2, mean) * rep(1, seglength) :
  longer object length is not a multiple of shorter object length
Warning in apply(t(X[, istart:iend]), 2, mean) * rep(1, seglength) :
  longer object length is not a multiple of shorter object length
Warning in apply(t(X[, istart:iend]), 2, mean) * rep(1, seglength) :
  longer object length is not a multiple of shorter object length
Warning in apply(t(X[, istart:iend]), 2, mean) * rep(1, seglength) :
  longer object length is not a multiple of shorter object length
Warning in apply(t(X[, istart:iend]), 2, mean) * rep(1, seglength) :
  longer object length is not a multiple of shorter object length
Warning in apply(t(X[, istart:iend]), 2, mean) * rep(1, seglength) :
  longer object length is not a multiple of shorter object length
Warning in apply(t(X[, istart:iend]), 2, mean) * rep(1, seglength) :
  longer object length is not a multiple of shorter object length
Warning in apply(t(X[, istart:iend]), 2, mean) * rep(1, seglength) :
  longer object length is not a multiple of shorter object length
Warning in apply(t(X[, istart:iend]), 2, mean) * rep(1, seglength) :
  longer object length is not a multiple of shorter object length
Warning in apply(t(X[, istart:iend]), 2, mean) * rep(1, seglength) :
  longer object length is not a multiple of shorter object length
Warning in apply(t(X[, istart:iend]), 2, mean) * rep(1, seglength) :
  longer object length is not a multiple of shorter object length
Warning in apply(t(X[, istart:iend]), 2, mean) * rep(1, seglength) :
  longer object length is not a multiple of shorter object length
Warning in apply(t(X[, istart:iend]), 2, mean) * rep(1, seglength) :
  longer object length is not a multiple of shorter object length
Warning in apply(t(X[, istart:iend]), 2, mean) * rep(1, seglength) :
  longer object length is not a multiple of shorter object length
Warning in apply(t(X[, istart:iend]), 2, mean) * rep(1, seglength) :
  longer object length is not a multiple of shorter object length
Warning in apply(t(X[, istart:iend]), 2, mean) * rep(1, seglength) :
  longer object length is not a multiple of shorter object length
Warning in apply(t(X[, istart:iend]), 2, mean) * rep(1, seglength) :
  longer object length is not a multiple of shorter object length
[1] ""
[1] "...Returning aligned spectra..."
> 
> # Dimensionality reduction
> met="rectangle" # choose the statistical summarizing measure ("max","sum","trapez",...)
> RedMet="SRV" # reduction method ("SRV" or "bin")
> 
> pre_mQTL(aligdat, reducedF, RedMet="SRV",met, corrT=0.9)
[1] "Processing a 168 x 1454 matrix with minsize of 10  and a correlation Threshold of 0.9 using the rectangle"
[1] "length of events: 66"
[1] "Xcluster" "168"      "66"       "66"      
[1] "balise length:" "3"             
[1] "Found 64  clusters"
Warning in file(file, ifelse(append, "a", "w")) :
  cannot open file '/var/scratchro/tomas/QA/R-73707/lib/mQTL.NMR/extdata/reducedF.txt': Read-only file system
Error in file(file, ifelse(append, "a", "w")) : 
  cannot open the connection
Calls: pre_mQTL ... write.csv -> eval.parent -> eval -> eval -> write.table -> file
Execution halted
* checking for unstated dependencies in vignettes ... OK
* checking package vignettes in ‘inst/doc’ ... OK
* checking running R code from vignettes ... ERROR
Errors in running code in vignettes:
when running code in ‘mQTLUse.Rnw’
  ...
[1] "length of events: 66"
[1] "Xcluster" "168"      "66"       "66"      
[1] "balise length:" "3"             
[1] "Found 64  clusters"
Warning in file(file, ifelse(append, "a", "w")) :
  cannot open file '/var/scratchro/tomas/QA/R-73707/lib/mQTL.NMR/extdata/reducedF.txt': Read-only file system

  When sourcing ‘mQTLUse.R’:
Error: cannot open the connection
Execution halted

* checking re-building of vignette outputs ... NOTE
Error in re-building vignettes:
  ...
  longer object length is not a multiple of shorter object length
Warning in apply(t(X[, istart:iend]), 2, mean) * rep(1, seglength) :
  longer object length is not a multiple of shorter object length
Warning in apply(t(X[, istart:iend]), 2, mean) * rep(1, seglength) :
  longer object length is not a multiple of shorter object length
Warning in apply(t(X[, istart:iend]), 2, mean) * rep(1, seglength) :
  longer object length is not a multiple of shorter object length
Warning in apply(t(X[, istart:iend]), 2, mean) * rep(1, seglength) :
  longer object length is not a multiple of shorter object length
Warning in apply(t(X[, istart:iend]), 2, mean) * rep(1, seglength) :
  longer object length is not a multiple of shorter object length
Warning in apply(t(X[, istart:iend]), 2, mean) * rep(1, seglength) :
  longer object length is not a multiple of shorter object length
Warning in apply(t(X[, istart:iend]), 2, mean) * rep(1, seglength) :
  longer object length is not a multiple of shorter object length
Warning in apply(t(X[, istart:iend]), 2, mean) * rep(1, seglength) :
  longer object length is not a multiple of shorter object length
Warning in file(file, ifelse(append, "a", "w")) :
  cannot open file '/var/scratchro/tomas/QA/R-73707/lib/mQTL.NMR/extdata/reducedF.txt': Read-only file system

Error: processing vignette 'mQTLUse.Rnw' failed with diagnostics:
 chunk 5 (label = R) 
Error in file(file, ifelse(append, "a", "w")) : 
  cannot open the connection
Execution halted

* checking PDF version of manual ... OK
* DONE
Status: 2 ERRORs, 3 NOTEs
