* using log directory ‘/ssd/tomas/QA/R-73707/check/mutoss.Rcheck’
* using R Under development (unstable) (2017-11-10 r73707)
* using platform: x86_64-pc-linux-gnu (64-bit)
* using session charset: UTF-8
* checking for file ‘mutoss/DESCRIPTION’ ... OK
* checking extension type ... Package
* this is package ‘mutoss’ version ‘0.1-10’
* checking package namespace information ... OK
* checking package dependencies ... OK
* checking if this is a source package ... OK
* checking if there is a namespace ... OK
* checking for executable files ... OK
* checking for hidden files and directories ... OK
* checking for portable file names ... OK
* checking for sufficient/correct file permissions ... OK
* checking whether package ‘mutoss’ can be installed ... OK
* checking package directory ... OK
* checking ‘build’ directory ... OK
* checking DESCRIPTION meta-information ... OK
* checking top-level files ... OK
* checking for left-over files ... OK
* checking index information ... OK
* checking package subdirectories ... OK
* checking R files for non-ASCII characters ... OK
* checking R files for syntax errors ... OK
* checking whether the package can be loaded ... OK
* checking whether the package can be loaded with stated dependencies ... OK
* checking whether the package can be unloaded cleanly ... OK
* checking whether the namespace can be loaded with stated dependencies ... OK
* checking whether the namespace can be unloaded cleanly ... OK
* checking loading without being on the library search path ... OK
* checking dependencies in R code ... OK
* checking S3 generic/method consistency ... OK
* checking replacement functions ... OK
* checking foreign function calls ... OK
* checking R code for possible problems ... NOTE
BH: no visible global function definition for ‘p.adjust’
BY: no visible global function definition for ‘p.adjust’
TSBKY_pi0_est: no visible global function definition for ‘p.adjust’
adaptiveBH: no visible global function definition for ‘p.adjust’
adaptiveSTS: no visible global function definition for ‘p.adjust’
adjPValuesPlot: no visible global function definition for ‘plot’
adjPValuesPlot: no visible global function definition for ‘abline’
fisher22_fast: no visible global function definition for ‘runif’
fisher23_fast: no visible global function definition for ‘runif’
ftest.marginal : <anonymous>: no visible global function definition for
  ‘kruskal.test’
ftest.marginal : <anonymous>: no visible global function definition for
  ‘anova’
ftest.marginal : <anonymous>: no visible global function definition for
  ‘lm’
gao: no visible global function definition for ‘model.frame’
gao: no visible global function definition for ‘aggregate’
gao: no visible global function definition for ‘pt’
gao: no visible global function definition for ‘p.adjust’
gao.wrapper: no visible global function definition for ‘formula’
hochberg: no visible global function definition for ‘p.adjust’
holm: no visible global function definition for ‘p.adjust’
hommel: no visible global function definition for ‘p.adjust’
mu.compare.adjusted: no visible global function definition for ‘plot’
mu.compare.adjusted: no visible global function definition for ‘title’
mu.compare.adjusted: no visible global function definition for ‘par’
mu.compare.adjusted: no visible global function definition for ‘legend’
mu.compare.adjusted: no visible global function definition for
  ‘identify’
mu.compare.critical: no visible global function definition for ‘plot’
mu.compare.critical: no visible global function definition for ‘title’
mu.compare.critical: no visible global function definition for ‘par’
mu.compare.critical: no visible global function definition for ‘legend’
mu.compare.critical: no visible global function definition for
  ‘identify’
mutoss.plotCI: no visible global function definition for ‘axis’
nparcomp : probit: no visible global function definition for ‘qnorm’
nparcomp: no visible global function definition for ‘model.frame’
nparcomp: no visible global function definition for ‘qnorm’
nparcomp: no visible global function definition for ‘pnorm’
nparcomp: no visible global function definition for ‘pt’
nparcomp: no visible global function definition for ‘plot’
nparcomp: no visible global function definition for ‘abline’
nparcomp: no visible global function definition for ‘axis’
nparcomp: no visible global function definition for ‘points’
nparcomp: no visible global function definition for ‘polygon’
nparcomp: no visible global function definition for ‘box’
nparcomp: no visible global function definition for ‘title’
nparcomp.wrapper: no visible global function definition for ‘formula’
onesamp.marginal : <anonymous>: no visible global function definition
  for ‘wilcox.test’
onesamp.marginal : <anonymous>: no visible global function definition
  for ‘t.test’
oracleBH: no visible global function definition for ‘p.adjust’
pValuesPlot: no visible global function definition for ‘plot’
pValuesPlot: no visible global function definition for ‘ecdf’
pValuesPlot: no visible global function definition for ‘abline’
paired.marginal : <anonymous>: no visible global function definition
  for ‘wilcox.test’
paired.marginal : <anonymous>: no visible global function definition
  for ‘t.test’
regwq: no visible global function definition for ‘model.frame’
regwq: no visible global function definition for ‘ptukey’
regwq: no visible global function definition for ‘qtukey’
requireLibrary: no visible global function definition for
  ‘install.packages’
snk: no visible global function definition for ‘model.frame’
snk: no visible global function definition for ‘qtukey’
snk: no visible global function definition for ‘ptukey’
snk.wrapper: no visible global function definition for ‘formula’
tukey.wrapper: no visible global function definition for ‘aov’
tukey.wrapper: no visible global function definition for ‘TukeyHSD’
twosamp.marginal : <anonymous>: no visible global function definition
  for ‘wilcox.test’
twosamp.marginal : <anonymous>: no visible global function definition
  for ‘t.test’
twostageBR: no visible global function definition for ‘p.adjust’
Undefined global functions or variables:
  TukeyHSD abline aggregate anova aov axis box ecdf formula identify
  install.packages kruskal.test legend lm model.frame p.adjust par plot
  pnorm points polygon pt ptukey qnorm qtukey runif t.test title
  wilcox.test
Consider adding
  importFrom("graphics", "abline", "axis", "box", "identify", "legend",
             "par", "plot", "points", "polygon", "title")
  importFrom("stats", "TukeyHSD", "aggregate", "anova", "aov", "ecdf",
             "formula", "kruskal.test", "lm", "model.frame", "p.adjust",
             "pnorm", "pt", "ptukey", "qnorm", "qtukey", "runif",
             "t.test", "wilcox.test")
  importFrom("utils", "install.packages")
to your NAMESPACE file.
* checking Rd files ... OK
* checking Rd metadata ... OK
* checking Rd cross-references ... OK
* checking for missing documentation entries ... OK
* checking for code/documentation mismatches ... OK
* checking Rd \usage sections ... OK
* checking Rd contents ... OK
* checking for unstated dependencies in examples ... OK
* checking contents of ‘data’ directory ... OK
* checking data for non-ASCII characters ... OK
* checking data for ASCII and uncompressed saves ... OK
* checking installed files from ‘inst/doc’ ... OK
* checking files in ‘vignettes’ ... OK
* checking examples ... OK
* checking for unstated dependencies in ‘tests’ ... OK
* checking tests ... ERROR
  Running ‘doRUnit.R’
Running the tests in ‘tests/doRUnit.R’ failed.
Last 13 lines of output:
  *********************************************** 
  Number of test functions: 1 
  Number of errors: 0 
  Number of failures: 0 
  
   
  1 Test Suite : 
  mutoss unit testing - 1 test function, 0 errors, 0 failures
  Error in file(file, ifelse(append, "a", "w")) : 
    cannot open the connection
  Calls: printTextProtocol -> cat -> file
  In addition: Warning message:
  In file(file, ifelse(append, "a", "w")) :
    cannot open file '/var/scratchro/tomas/QA/R-73707/lib/mutoss/unitTests/reportSummary.txt': Read-only file system
  Execution halted
* checking for unstated dependencies in vignettes ... OK
* checking package vignettes in ‘inst/doc’ ... OK
* checking running R code from vignettes ... NONE
* checking re-building of vignette outputs ... OK
* checking PDF version of manual ... OK
* DONE
Status: 1 ERROR, 1 NOTE
