* using log directory ‘/ssd/tomas/QA/R-73707/check/Rdisop.Rcheck’
* using R Under development (unstable) (2017-11-10 r73707)
* using platform: x86_64-pc-linux-gnu (64-bit)
* using session charset: UTF-8
* checking for file ‘Rdisop/DESCRIPTION’ ... OK
* this is package ‘Rdisop’ version ‘1.39.0’
* checking package namespace information ... OK
* checking package dependencies ... OK
* checking if this is a source package ... OK
* checking if there is a namespace ... OK
* checking for executable files ... OK
* checking for hidden files and directories ... OK
* checking for portable file names ... OK
* checking for sufficient/correct file permissions ... OK
* checking whether package ‘Rdisop’ can be installed ... WARNING
Found the following significant warnings:
  disop.cpp:825:65: warning: ISO C++ forbids converting a string constant to ‘char*’ [-Wwrite-strings]
  disop.cpp:827:86: warning: ISO C++ forbids converting a string constant to ‘char*’ [-Wwrite-strings]
  disop.cpp:829:47: warning: ISO C++ forbids converting a string constant to ‘char*’ [-Wwrite-strings]
  disop.cpp:831:63: warning: ISO C++ forbids converting a string constant to ‘char*’ [-Wwrite-strings]
  disop.cpp:832:55: warning: ISO C++ forbids converting a string constant to ‘char*’ [-Wwrite-strings]
  disop.cpp:833:65: warning: ISO C++ forbids converting a string constant to ‘char*’ [-Wwrite-strings]
See ‘/ssd/tomas/QA/R-73707/check/Rdisop.Rcheck/00install.out’ for details.
* checking package directory ... OK
* checking ‘build’ directory ... OK
* checking DESCRIPTION meta-information ... OK
* checking top-level files ... OK
* checking for left-over files ... OK
* checking index information ... OK
* checking package subdirectories ... OK
* checking R files for non-ASCII characters ... OK
* checking R files for syntax errors ... OK
* checking whether the package can be loaded ... OK
* checking whether the package can be loaded with stated dependencies ... OK
* checking whether the package can be unloaded cleanly ... OK
* checking whether the namespace can be loaded with stated dependencies ... OK
* checking whether the namespace can be unloaded cleanly ... OK
* checking loading without being on the library search path ... OK
* checking dependencies in R code ... NOTE
Package in Depends field not imported from: ‘RcppClassic’
  These packages need to be imported from (in the NAMESPACE file)
  for when this namespace is loaded but not attached.
* checking S3 generic/method consistency ... OK
* checking replacement functions ... OK
* checking foreign function calls ... OK
* checking R code for possible problems ... OK
* checking Rd files ... OK
* checking Rd metadata ... OK
* checking Rd cross-references ... OK
* checking for missing documentation entries ... OK
* checking for code/documentation mismatches ... OK
* checking Rd \usage sections ... OK
* checking Rd contents ... OK
* checking for unstated dependencies in examples ... OK
* checking line endings in shell scripts ... OK
* checking line endings in C/C++/Fortran sources/headers ... OK
* checking line endings in Makefiles ... OK
* checking compilation flags in Makevars ... OK
* checking for GNU extensions in Makefiles ... OK
* checking for portable use of $(BLAS_LIBS) and $(LAPACK_LIBS) ... OK
* checking compiled code ... NOTE
Note: information on .o files is not available
File ‘/var/scratchro/tomas/QA/R-73707/lib/Rdisop/libs/Rdisop.so’:
  Found ‘rand’, possibly from ‘rand’ (C)

Compiled code should not call entry points which might terminate R nor
write to stdout/stderr instead of to the console, nor the system RNG.
The detected symbols are linked into the code but might come from
libraries and not actually be called.

See ‘Writing portable packages’ in the ‘Writing R Extensions’ manual.
* checking installed files from ‘inst/doc’ ... OK
* checking files in ‘vignettes’ ... OK
* checking examples ... OK
* checking for unstated dependencies in ‘tests’ ... OK
* checking tests ... ERROR
  Running ‘doRUnit.R’
Running the tests in ‘tests/doRUnit.R’ failed.
Last 13 lines of output:
  *********************************************** 
  Number of test functions: 10 
  Number of errors: 0 
  Number of failures: 0 
  
   
  1 Test Suite : 
  Rdisop unit testing - 10 test functions, 0 errors, 0 failures
  Error in file(file, ifelse(append, "a", "w")) : 
    cannot open the connection
  Calls: printTextProtocol -> cat -> file
  In addition: Warning message:
  In file(file, ifelse(append, "a", "w")) :
    cannot open file '/var/scratchro/tomas/QA/R-73707/lib/Rdisop/unitTests/reportSummary.txt': Read-only file system
  Execution halted
* checking for unstated dependencies in vignettes ... OK
* checking package vignettes in ‘inst/doc’ ... OK
* checking running R code from vignettes ... OK
* checking re-building of vignette outputs ... OK
* checking PDF version of manual ... OK
* DONE
Status: 1 ERROR, 1 WARNING, 2 NOTEs
