* using log directory ‘/ssd/tomas/QA/R-73707/check/RPPanalyzer.Rcheck’
* using R Under development (unstable) (2017-11-10 r73707)
* using platform: x86_64-pc-linux-gnu (64-bit)
* using session charset: UTF-8
* checking for file ‘RPPanalyzer/DESCRIPTION’ ... OK
* checking extension type ... Package
* this is package ‘RPPanalyzer’ version ‘1.4.4’
* checking package namespace information ... OK
* checking package dependencies ... OK
* checking if this is a source package ... OK
* checking if there is a namespace ... OK
* checking for executable files ... OK
* checking for hidden files and directories ... OK
* checking for portable file names ... OK
* checking for sufficient/correct file permissions ... OK
* checking whether package ‘RPPanalyzer’ can be installed ... OK
* checking package directory ... OK
* checking ‘build’ directory ... OK
* checking DESCRIPTION meta-information ... OK
* checking top-level files ... OK
* checking for left-over files ... OK
* checking index information ... OK
* checking package subdirectories ... OK
* checking R files for non-ASCII characters ... OK
* checking R files for syntax errors ... OK
* checking whether the package can be loaded ... OK
* checking whether the package can be loaded with stated dependencies ... OK
* checking whether the package can be unloaded cleanly ... OK
* checking whether the namespace can be loaded with stated dependencies ... OK
* checking whether the namespace can be unloaded cleanly ... OK
* checking loading without being on the library search path ... OK
* checking dependencies in R code ... OK
* checking S3 generic/method consistency ... OK
* checking replacement functions ... OK
* checking foreign function calls ... OK
* checking R code for possible problems ... OK
* checking Rd files ... OK
* checking Rd metadata ... OK
* checking Rd cross-references ... OK
* checking for missing documentation entries ... OK
* checking for code/documentation mismatches ... OK
* checking Rd \usage sections ... OK
* checking Rd contents ... OK
* checking for unstated dependencies in examples ... OK
* checking contents of ‘data’ directory ... OK
* checking data for non-ASCII characters ... OK
* checking data for ASCII and uncompressed saves ... OK
* checking installed files from ‘inst/doc’ ... OK
* checking files in ‘vignettes’ ... OK
* checking examples ... ERROR
Running examples in ‘RPPanalyzer-Ex.R’ failed
The error most likely occurred in:

> ### Name: correctDilinterc
> ### Title: Dilution series intersect correction
> ### Aliases: correctDilinterc analyzeIntercepts getIntercepts getSignals
> ###   as.my
> 
> ### ** Examples
> 
> library(RPPanalyzer)
> # read data
> dataDir <- system.file("extdata", package="RPPanalyzer")
> setwd(dataDir)
> rawdata <- read.Data(blocksperarray=12, spotter="aushon", printFlags=FALSE)
[1] "identified only 4 of 7 gpr files saved in current folder"
[1] "identified 16 arrays"
[1] "identified 16 arrays"
      ID sample_type         sample            sample_name concentration
235  2J9     control      Caki1_HGF      Caki1_HGF_dil1_10          2.00
190 2F18 measurement Caki1_100ng_ml Caki1_100ng_ml_rep1_30          1.60
181  2F9 measurement  Caki1_25ng_ml  Caki1_25ng_ml_rep1_30          1.60
118 1J12     control       A549_HGF       A549_HGF_dil4_10          0.25
109  1J3     control     A549_noHGF      A549_noHGF_dil1_0          2.00
64  1F12 measurement   A549_50ng_ml   A549_50ng_ml_rep1_30          1.30
    dilution time replicate treatment cell_line HGF dilSeriesID Block Column
235    1.000    0         1   75ng_ml     Caki1  75       Caki1     1      1
190    1.000   30         1  100ng_ml     Caki1 100       Caki1     1      2
181    1.000   30         1   25ng_ml     Caki1  25       Caki1     1      3
118    0.125    0         1   75ng_ml      A549  75        A549     1      4
109    1.000    0         1    0ng_ml      A549   0        <NA>     1      5
64     1.000   30         1   50ng_ml      A549  50        A549     1      6
    Row
235   1
190   1
181   1
118   1
109   1
64    1
> # write data
> write.Data(rawdata,FileNameExtension="test_data")
Warning in file(file, ifelse(append, "a", "w")) :
  cannot open file 'test_dataexpression.txt': Read-only file system
Error in file(file, ifelse(append, "a", "w")) : 
  cannot open the connection
Calls: write.Data -> write.table -> file
Execution halted
* checking for unstated dependencies in vignettes ... OK
* checking package vignettes in ‘inst/doc’ ... OK
* checking running R code from vignettes ... NONE
* checking re-building of vignette outputs ... OK
* checking PDF version of manual ... OK
* DONE
Status: 1 ERROR
