* using log directory ‘/ssd/tomas/QA/R-73707/check/Uniquorn.Rcheck’
* using R Under development (unstable) (2017-11-10 r73707)
* using platform: x86_64-pc-linux-gnu (64-bit)
* using session charset: UTF-8
* checking for file ‘Uniquorn/DESCRIPTION’ ... OK
* checking extension type ... Package
* this is package ‘Uniquorn’ version ‘1.7.0’
* checking package namespace information ... OK
* checking package dependencies ... OK
* checking if this is a source package ... OK
* checking if there is a namespace ... OK
* checking for executable files ... OK
* checking for hidden files and directories ... OK
* checking for portable file names ... OK
* checking for sufficient/correct file permissions ... OK
* checking whether package ‘Uniquorn’ can be installed ... OK
* checking package directory ... OK
* checking ‘build’ directory ... OK
* checking DESCRIPTION meta-information ... OK
* checking top-level files ... OK
* checking for left-over files ... OK
* checking index information ... OK
* checking package subdirectories ... OK
* checking R files for non-ASCII characters ... OK
* checking R files for syntax errors ... OK
* checking whether the package can be loaded ... OK
* checking whether the package can be loaded with stated dependencies ... OK
* checking whether the package can be unloaded cleanly ... OK
* checking whether the namespace can be loaded with stated dependencies ... OK
* checking whether the namespace can be unloaded cleanly ... OK
* checking loading without being on the library search path ... OK
* checking dependencies in R code ... OK
* checking S3 generic/method consistency ... OK
* checking replacement functions ... OK
* checking foreign function calls ... OK
* checking R code for possible problems ... OK
* checking Rd files ... OK
* checking Rd metadata ... OK
* checking Rd cross-references ... OK
* checking for missing documentation entries ... OK
* checking for code/documentation mismatches ... OK
* checking Rd \usage sections ... OK
* checking Rd contents ... OK
* checking for unstated dependencies in examples ... OK
* checking installed files from ‘inst/doc’ ... OK
* checking files in ‘vignettes’ ... OK
* checking examples ... ERROR
Running examples in ‘Uniquorn-Ex.R’ failed
The error most likely occurred in:

> ### Name: identify_vcf_file
> ### Title: identify_VCF_file
> ### Aliases: identify_vcf_file
> 
> ### ** Examples
> 
> HT29_vcf_file = system.file("extdata/HT29.vcf.gz", package="Uniquorn");
> 
> identification = identify_vcf_file( HT29_vcf_file )
Correcting the background due to traces of random, scale-freeness amounts of matches, 
            requiring at least 50 variants to match.
Warning in file(file, ifelse(append, "a", "w")) :
  cannot open file '/var/scratchro/tomas/QA/R-73707/lib/Uniquorn/extdata/HT29.vcf.gz_uniquorn_ident.tab': Read-only file system
Error in file(file, ifelse(append, "a", "w")) : 
  cannot open the connection
Calls: identify_vcf_file -> <Anonymous> -> file
Execution halted
* checking for unstated dependencies in ‘tests’ ... OK
* checking tests ... ERROR
  Running ‘runTests.R’
Running the tests in ‘tests/runTests.R’ failed.
Last 13 lines of output:
   
  1 Test Suite : 
  Uniquorn RUnit Tests - 1 test function, 1 error, 0 failures
  ERROR in test_identification: Error in file(file, ifelse(append, "a", "w")) : 
    cannot open the connection
  
  Test files with failing tests
  
     test_identification.R 
       test_identification 
  
  
  Error in BiocGenerics:::testPackage("Uniquorn") : 
    unit tests failed for package Uniquorn
  Execution halted
* checking for unstated dependencies in vignettes ... OK
* checking package vignettes in ‘inst/doc’ ... OK
* checking running R code from vignettes ... NONE
* checking re-building of vignette outputs ... WARNING
Error in re-building vignettes:
  ...
Warning in engine$weave(file, quiet = quiet, encoding = enc) :
  Pandoc (>= 1.12.3) and/or pandoc-citeproc not available. Falling back to R Markdown v1.
Quitting from lines 30-34 (Uniquorn.Rmd) 
Error: processing vignette 'Uniquorn.Rmd' failed with diagnostics:
cannot open the connection
Execution halted

* checking PDF version of manual ... OK
* DONE
Status: 2 ERRORs, 1 WARNING
