* using log directory ‘/ssd/tomas/QA/R-73707/check/xcms.Rcheck’
* using R Under development (unstable) (2017-11-10 r73707)
* using platform: x86_64-pc-linux-gnu (64-bit)
* using session charset: UTF-8
* checking for file ‘xcms/DESCRIPTION’ ... OK
* this is package ‘xcms’ version ‘3.1.0’
* checking package namespace information ... OK
* checking package dependencies ... NOTE
Package which this enhances but not available for checking: ‘Rmpi’
* checking if this is a source package ... OK
* checking if there is a namespace ... OK
* checking for executable files ... OK
* checking for hidden files and directories ... OK
* checking for portable file names ... OK
* checking for sufficient/correct file permissions ... OK
* checking whether package ‘xcms’ can be installed ... OK
* checking package directory ... OK
* checking ‘build’ directory ... OK
* checking DESCRIPTION meta-information ... NOTE
License components with restrictions not permitted:
  GPL (>= 2) + file LICENSE
* checking top-level files ... OK
* checking for left-over files ... OK
* checking index information ... OK
* checking package subdirectories ... OK
* checking R files for non-ASCII characters ... OK
* checking R files for syntax errors ... OK
* checking whether the package can be loaded ... OK
* checking whether the package can be loaded with stated dependencies ... OK
* checking whether the package can be unloaded cleanly ... OK
* checking whether the namespace can be loaded with stated dependencies ... OK
* checking whether the namespace can be unloaded cleanly ... OK
* checking loading without being on the library search path ... OK
* checking dependencies in R code ... NOTE
There are ::: calls to the package's namespace in its code. A package
  almost never needs to use ::: for its own objects:
  ‘descendMin’ ‘na.flatfill’ ‘patternVsRowScore’
* checking S3 generic/method consistency ... OK
* checking replacement functions ... OK
* checking foreign function calls ... OK
* checking R code for possible problems ... NOTE
.xcmsFragments.plotTree: no visible global function definition for
  ‘edgemode<-’
.xcmsFragments.plotTree: no visible global function definition for
  ‘addEdge’
buildAnalysisSummary: no visible global function definition for
  ‘newXMLNode’
buildAssayList : <anonymous>: no visible global function definition for
  ‘newXMLNode’
buildAssayList: no visible global function definition for ‘newXMLNode’
buildAuditCollection: no visible global function definition for
  ‘newXMLNode’
buildCVlist: no visible global function definition for ‘newXMLNode’
buildCVlist: no visible global function definition for ‘addChildren’
buildCvParams : <anonymous>: no visible global function definition for
  ‘newXMLNode’
buildDataProcessingList: no visible global function definition for
  ‘newXMLNode’
buildFeatureList : <anonymous>: no visible global function definition
  for ‘newXMLNode’
buildInputFiles : <anonymous>: no visible global function definition
  for ‘newXMLNode’
buildInputFiles: no visible global function definition for ‘newXMLNode’
buildMzq: no visible global function definition for ‘xmlTree’
buildSmallMoleculeList : <anonymous>: no visible global function
  definition for ‘newXMLNode’
buildSmallMoleculeList: no visible global function definition for
  ‘newXMLNode’
buildSoftwareList: no visible global function definition for
  ‘newXMLNode’
buildStudyVariableList : <anonymous>: no visible global function
  definition for ‘newXMLNode’
buildStudyVariableList : <anonymous> : <anonymous>: no visible global
  function definition for ‘newXMLNode’
buildStudyVariableList: no visible global function definition for
  ‘newXMLNode’
fitModel: no visible global function definition for ‘lmrob.control’
fitModel : <anonymous>: no visible global function definition for
  ‘lmrob’
running: multiple local function definitions for ‘funct’ with different
  formal arguments
verify.mzQuantML: no visible global function definition for
  ‘xmlTreeParse’
verify.mzQuantML: no visible global function definition for
  ‘xmlInternalTreeParse’
verify.mzQuantML: no visible global function definition for
  ‘xmlSchemaValidate’
xcmsClusterApply: no visible global function definition for
  ‘checkCluster’
xcmsClusterApply : submit: no visible global function definition for
  ‘sendCall’
xcmsClusterApply: no visible global function definition for
  ‘recvOneResult’
xcmsClusterApply: no visible global function definition for
  ‘checkForRemoteErrors’
xcmsPapply: no visible global function definition for ‘mpi.comm.size’
xcmsPapply: no visible global function definition for
  ‘mpi.spawn.Rslaves’
xcmsPapply: no visible global function definition for ‘mpi.comm.rank’
xcmsPapply : papply_int_slavefunction: no visible global function
  definition for ‘mpi.send.Robj’
xcmsPapply : papply_int_slavefunction: no visible global function
  definition for ‘mpi.recv.Robj’
xcmsPapply : papply_int_slavefunction: no visible global function
  definition for ‘mpi.any.source’
xcmsPapply : papply_int_slavefunction: no visible global function
  definition for ‘mpi.any.tag’
xcmsPapply : papply_int_slavefunction: no visible global function
  definition for ‘mpi.get.sourcetag’
xcmsPapply: no visible global function definition for
  ‘mpi.bcast.Robj2slave’
xcmsPapply: no visible global function definition for ‘mpi.bcast.cmd’
xcmsPapply: no visible global function definition for ‘mpi.recv.Robj’
xcmsPapply: no visible global function definition for ‘mpi.any.source’
xcmsPapply: no visible global function definition for ‘mpi.any.tag’
xcmsPapply: no visible global function definition for
  ‘mpi.get.sourcetag’
xcmsPapply: no visible global function definition for ‘mpi.send.Robj’
xcmsParallelSetup: no visible global function definition for
  ‘mpi.spawn.Rslaves’
xcmsParallelSetup: no visible global function definition for
  ‘mpi.comm.size’
xcmsParallelSetup: no visible global function definition for
  ‘mpi.comm.rank’
xcmsParallelSetup: no visible global function definition for
  ‘makeCluster’
plotSurf,xcmsRaw: no visible global function definition for ‘rgl.clear’
plotSurf,xcmsRaw: no visible global function definition for
  ‘rgl.surface’
plotSurf,xcmsRaw: no visible global function definition for
  ‘rgl.points’
plotSurf,xcmsRaw: no visible global function definition for ‘rgl.bbox’
plotTree,xcmsFragments: no visible global function definition for
  ‘edgemode<-’
plotTree,xcmsFragments: no visible global function definition for
  ‘addEdge’
write.cdf,xcmsRaw: no visible global function definition for
  ‘ncdim_def’
write.cdf,xcmsRaw: no visible global function definition for
  ‘ncvar_def’
write.cdf,xcmsRaw: no visible global function definition for
  ‘nc_create’
write.cdf,xcmsRaw: no visible global function definition for
  ‘ncvar_put’
write.cdf,xcmsRaw: no visible global function definition for
  ‘ncatt_put’
write.cdf,xcmsRaw: no visible global function definition for ‘nc_close’
write.mzQuantML,xcmsSet: no visible global function definition for
  ‘saveXML’
write.mzdata,xcmsRaw: no visible global function definition for
  ‘base64encode’
Undefined global functions or variables:
  addChildren addEdge base64encode checkCluster checkForRemoteErrors
  edgemode<- lmrob lmrob.control makeCluster mpi.any.source mpi.any.tag
  mpi.bcast.Robj2slave mpi.bcast.cmd mpi.comm.rank mpi.comm.size
  mpi.get.sourcetag mpi.recv.Robj mpi.send.Robj mpi.spawn.Rslaves
  nc_close nc_create ncatt_put ncdim_def ncvar_def ncvar_put newXMLNode
  recvOneResult rgl.bbox rgl.clear rgl.points rgl.surface saveXML
  sendCall xmlInternalTreeParse xmlSchemaValidate xmlTree xmlTreeParse
* checking Rd files ... OK
* checking Rd metadata ... OK
* checking Rd cross-references ... OK
* checking for missing documentation entries ... OK
* checking for code/documentation mismatches ... OK
* checking Rd \usage sections ... OK
* checking Rd contents ... OK
* checking for unstated dependencies in examples ... OK
* checking line endings in C/C++/Fortran sources/headers ... OK
* checking line endings in Makefiles ... OK
* checking compilation flags in Makevars ... OK
* checking for GNU extensions in Makefiles ... OK
* checking for portable use of $(BLAS_LIBS) and $(LAPACK_LIBS) ... OK
* checking compiled code ... NOTE
Note: information on .o files is not available
* checking installed files from ‘inst/doc’ ... OK
* checking files in ‘vignettes’ ... OK
* checking examples ... OK
* checking for unstated dependencies in ‘tests’ ... OK
* checking tests ... ERROR
  Running ‘doRUnit.R’
Running the tests in ‘tests/doRUnit.R’ failed.
Last 13 lines of output:
    cannot open the connection
  Calls: printTextProtocol -> cat -> file
  In addition: Warning messages:
  1: In .centWave_orig(mz = mz, int = int, scantime = scantime, valsPerSpect = valsPerSpect,  :
    No peaks found!
  2: In xcmsSet(system.file("microtofq/MM14.mzML", package = "msdata"),  :
    No peaks found in sample MM14.
  3: In xmlRoot.XMLInternalDocument(currentNodes[[1]]) : empty XML document
  4: In checkAttrNamespaces(getEffectiveNamespaces(node), .attrs, suppressNamespaceWarning) :
    missing namespace definitions for prefix(es) xsi
  5: In buildSmallMoleculeList(xs) :
    xcmsSet still contains NA values, filling zero in. Better use fillPeaks() !
  6: In file(file, ifelse(append, "a", "w")) :
    cannot open file '/var/scratchro/tomas/QA/R-73707/lib/xcms/unitTests/reportSummary.txt': Read-only file system
  Execution halted
* checking for unstated dependencies in vignettes ... OK
* checking package vignettes in ‘inst/doc’ ... OK
* checking running R code from vignettes ... NONE
* checking re-building of vignette outputs ... OK
* checking PDF version of manual ... OK
* DONE
Status: 1 ERROR, 5 NOTEs
