* using log directory ‘/ssd/tomas/QA/R-73707/check/xmapbridge.Rcheck’
* using R Under development (unstable) (2017-11-10 r73707)
* using platform: x86_64-pc-linux-gnu (64-bit)
* using session charset: UTF-8
* checking for file ‘xmapbridge/DESCRIPTION’ ... OK
* checking extension type ... Package
* this is package ‘xmapbridge’ version ‘1.37.0’
* checking package namespace information ... OK
* checking package dependencies ... OK
* checking if this is a source package ... OK
* checking if there is a namespace ... OK
* checking for executable files ... OK
* checking for hidden files and directories ... OK
* checking for portable file names ... OK
* checking for sufficient/correct file permissions ... OK
* checking whether package ‘xmapbridge’ can be installed ... OK
* checking package directory ... OK
* checking ‘build’ directory ... OK
* checking DESCRIPTION meta-information ... OK
* checking top-level files ... OK
* checking for left-over files ... OK
* checking index information ... OK
* checking package subdirectories ... OK
* checking R files for non-ASCII characters ... OK
* checking R files for syntax errors ... OK
* checking whether the package can be loaded ... OK
* checking whether the package can be loaded with stated dependencies ... OK
* checking whether the package can be unloaded cleanly ... OK
* checking whether the namespace can be loaded with stated dependencies ... OK
* checking whether the namespace can be unloaded cleanly ... OK
* checking loading without being on the library search path ... OK
* checking dependencies in R code ... NOTE
'library' or 'require' call to ‘methods’ which was already attached by Depends.
  Please remove these calls from your code.
* checking S3 generic/method consistency ... OK
* checking replacement functions ... OK
* checking foreign function calls ... OK
* checking R code for possible problems ... NOTE
File ‘xmapbridge/R/zzz.R’:
  .onLoad has wrong argument list ‘lib, pkg, where’
  .onLoad calls:
    require(methods, quietly = TRUE)

Package startup functions should have two arguments with names starting
  with ‘lib’ and ‘pkg’, respectively.
Package startup functions should not change the search path.
See section ‘Good practice’ in '?.onAttach'.

xmap.col: no visible global function definition for ‘col2rgb’
Undefined global functions or variables:
  col2rgb
Consider adding
  importFrom("grDevices", "col2rgb")
to your NAMESPACE file.
* checking Rd files ... OK
* checking Rd metadata ... OK
* checking Rd cross-references ... OK
* checking for missing documentation entries ... OK
* checking for code/documentation mismatches ... OK
* checking Rd \usage sections ... OK
* checking Rd contents ... OK
* checking for unstated dependencies in examples ... OK
* checking contents of ‘data’ directory ... OK
* checking data for non-ASCII characters ... OK
* checking data for ASCII and uncompressed saves ... OK
* checking line endings in Makefiles ... OK
* checking for GNU extensions in Makefiles ... OK
* checking installed files from ‘inst/doc’ ... OK
* checking files in ‘vignettes’ ... OK
* checking examples ... OK
* checking for unstated dependencies in ‘tests’ ... OK
* checking tests ... ERROR
  Running ‘doRUnit.R’
Running the tests in ‘tests/doRUnit.R’ failed.
Last 13 lines of output:
  *********************************************** 
  Number of test functions: 6 
  Number of errors: 0 
  Number of failures: 0 
  
   
  1 Test Suite : 
  xmapbridge unit testing - 6 test functions, 0 errors, 0 failures
  Error in file(file, ifelse(append, "a", "w")) : 
    cannot open the connection
  Calls: printTextProtocol -> cat -> file
  In addition: Warning message:
  In file(file, ifelse(append, "a", "w")) :
    cannot open file '/var/scratchro/tomas/QA/R-73707/lib/xmapbridge/unitTests/reportSummary.txt': Read-only file system
  Execution halted
* checking for unstated dependencies in vignettes ... OK
* checking package vignettes in ‘inst/doc’ ... OK
* checking running R code from vignettes ... OK
* checking re-building of vignette outputs ... NOTE
Error in re-building vignettes:
  ...
Error in texi2dvi(file = file, pdf = TRUE, clean = clean, quiet = quiet,  : 
  Running 'texi2dvi' on 'xmapbridge.tex' failed.
LaTeX errors:
! Package auto-pst-pdf Error: 
    "shell escape" (or "write18") is not enabled:
    auto-pst-pdf will not work!
.
Calls: buildVignettes -> texi2pdf -> texi2dvi
Execution halted

* checking PDF version of manual ... OK
* DONE
Status: 1 ERROR, 3 NOTEs
