* using log directory ‘/ssd/tomas/QA/R-74238/check/mammaPrintData.Rcheck’
* using R Under development (unstable) (2018-02-08 r74238)
* using platform: x86_64-pc-linux-gnu (64-bit)
* using session charset: UTF-8
* checking for file ‘mammaPrintData/DESCRIPTION’ ... OK
* checking extension type ... Package
* this is package ‘mammaPrintData’ version ‘1.15.0’
* checking package namespace information ... OK
* checking package dependencies ... OK
* checking if this is a source package ... OK
* checking if there is a namespace ... OK
* checking for executable files ... OK
* checking for hidden files and directories ... OK
* checking for portable file names ... OK
* checking for sufficient/correct file permissions ... OK
* checking whether package ‘mammaPrintData’ can be installed ... OK
* checking package directory ... OK
* checking ‘build’ directory ... OK
* checking DESCRIPTION meta-information ... NOTE
Malformed Description field: should contain one or more complete sentences.
* checking top-level files ... OK
* checking for left-over files ... OK
* checking index information ... OK
* checking package subdirectories ... OK
* checking whether the package can be loaded ... OK
* checking whether the package can be loaded with stated dependencies ... OK
* checking whether the package can be unloaded cleanly ... OK
* checking whether the namespace can be loaded with stated dependencies ... OK
* checking whether the namespace can be unloaded cleanly ... OK
* checking loading without being on the library search path ... OK
* checking Rd files ... OK
* checking Rd metadata ... OK
* checking Rd cross-references ... OK
* checking for missing documentation entries ... OK
* checking for code/documentation mismatches ... OK
* checking Rd \usage sections ... OK
* checking Rd contents ... OK
* checking for unstated dependencies in examples ... OK
* checking contents of ‘data’ directory ... OK
* checking data for non-ASCII characters ... OK
* checking data for ASCII and uncompressed saves ... OK
* checking installed files from ‘inst/doc’ ... OK
* checking files in ‘vignettes’ ... OK
* checking examples ... OK
* checking for unstated dependencies in vignettes ... OK
* checking package vignettes in ‘inst/doc’ ... OK
* checking running R code from vignettes ... ERROR
Errors in running code in vignettes:
when running code in ‘mammaPrintData.Rnw’
  ...
> dir.create(myTmpDirEtabm115)
Warning in dir.create(myTmpDirEtabm115) :
  cannot create dir '/var/scratchro/tomas/QA/R-74238/lib/mammaPrintData/extdata/ETABM115/tmp', reason 'Read-only file system'

> unzip(dir(etabm155filesLoc, full.names = TRUE, pattern = "E-TABM-115.raw.1.zip"), 
+     exdir = myTmpDirEtabm115)

  When sourcing ‘mammaPrintData.R’:
Error: 'exdir' does not exist
Execution halted

* checking re-building of vignette outputs ... NOTE
Error in re-building vignettes:
  ...
The following object is masked from ‘package:stats’:

    nobs

The following object is masked from ‘package:utils’:

    object.size

The following object is masked from ‘package:base’:

    startsWith

[1] "Feb 09, 2018"
[1] "Feb 09, 2018"
[1] 324
[1] 324
[1] 648
Warning in dir.create(myTmpDirEtabm115) :
  cannot create dir '/var/scratchro/tomas/QA/R-74238/lib/mammaPrintData/extdata/ETABM115/tmp', reason 'Read-only file system'

Error: processing vignette 'mammaPrintData.Rnw' failed with diagnostics:
 chunk 9 (label = ETAB115rglist) 
Error in unzip(dir(etabm155filesLoc, full.names = TRUE, pattern = "E-TABM-115.raw.1.zip"),  : 
  'exdir' does not exist
Execution halted

* checking PDF version of manual ... OK
* DONE
Status: 1 ERROR, 2 NOTEs
