* using log directory ‘/ssd/tomas/QA/R-74238/check/coMET.Rcheck’
* using R Under development (unstable) (2018-02-08 r74238)
* using platform: x86_64-pc-linux-gnu (64-bit)
* using session charset: UTF-8
* checking for file ‘coMET/DESCRIPTION’ ... OK
* checking extension type ... Package
* this is package ‘coMET’ version ‘1.11.2’
* checking package namespace information ... OK
* checking package dependencies ... NOTE
Depends: includes the non-default packages:
  ‘grid’ ‘biomaRt’ ‘Gviz’ ‘psych’ ‘ggbio’ ‘trackViewer’
Adding so many packages to the search path is excessive and importing
selectively is preferable.
* checking if this is a source package ... OK
* checking if there is a namespace ... OK
* checking for executable files ... OK
* checking for hidden files and directories ... OK
* checking for portable file names ... OK
* checking for sufficient/correct file permissions ... OK
* checking whether package ‘coMET’ can be installed ... OK
* checking package directory ... OK
* checking ‘build’ directory ... OK
* checking DESCRIPTION meta-information ... OK
* checking top-level files ... NOTE
File
  LICENSE
is not mentioned in the DESCRIPTION file.
* checking for left-over files ... OK
* checking index information ... OK
* checking package subdirectories ... OK
* checking R files for non-ASCII characters ... OK
* checking R files for syntax errors ... OK
* checking whether the package can be loaded ... OK
* checking whether the package can be loaded with stated dependencies ... OK
* checking whether the package can be unloaded cleanly ... OK
* checking whether the namespace can be loaded with stated dependencies ... OK
* checking whether the namespace can be unloaded cleanly ... OK
* checking loading without being on the library search path ... OK
* checking dependencies in R code ... OK
* checking S3 generic/method consistency ... OK
* checking replacement functions ... OK
* checking foreign function calls ... OK
* checking R code for possible problems ... NOTE
chromHMM_RoadMap: no visible binding for global variable
  'chromosome_stop'
chromHMM_RoadMap: no visible binding for global variable
  'chromosome_start'
chromHMM_RoadMap: no visible binding for global variable
  'chromosome_name'
eQTL: no visible binding for global variable 'chromosome_stop'
eQTL: no visible binding for global variable 'chromosome_start'
eQTL: no visible binding for global variable 'chromosome_name'
eQTL_GTEx: no visible binding for global variable 'snp_pos'
eQTL_GTEx: no visible binding for global variable 'snp_chrom'
eQTL_GTEx: no visible binding for global variable 'gene_start'
eQTL_GTEx: no visible binding for global variable 'gene_stop'
eQTL_GTEx: no visible binding for global variable 'gene_chr'
geneExpression_GTEx: no visible global function definition for 'as'
metQTL: no visible binding for global variable 'chromosome_stop'
metQTL: no visible binding for global variable 'chromosome_start'
metQTL: no visible binding for global variable 'chromosome_name'
psiQTL_GTEx: no visible binding for global variable 'pos_snp'
psiQTL_GTEx: no visible binding for global variable 'chr_snp'
psiQTL_GTEx: no visible binding for global variable 'pos_middle_exon'
psiQTL_GTEx: no visible binding for global variable 'chr_exon'
Undefined global functions or variables:
  as chr_exon chr_snp chromosome_name chromosome_start chromosome_stop
  gene_chr gene_start gene_stop pos_middle_exon pos_snp snp_chrom
  snp_pos
Consider adding
  importFrom("methods", "as")
to your NAMESPACE file (and ensure that your DESCRIPTION Imports field
contains 'methods').
* checking Rd files ... OK
* checking Rd metadata ... OK
* checking Rd cross-references ... OK
* checking for missing documentation entries ... OK
* checking for code/documentation mismatches ... OK
* checking Rd \usage sections ... OK
* checking Rd contents ... OK
* checking for unstated dependencies in examples ... OK
* checking contents of ‘data’ directory ... OK
* checking data for non-ASCII characters ... OK
* checking data for ASCII and uncompressed saves ... OK
* checking installed files from ‘inst/doc’ ... OK
* checking files in ‘vignettes’ ... OK
* checking examples ... ERROR
Running examples in ‘coMET-Ex.R’ failed
The error most likely occurred in:

> ### Name: comet.list
> ### Title: List the correlations between omic features
> ### Aliases: comet.list
> ### Keywords: hplot
> 
> ### ** Examples
> 
> extdata <- system.file("extdata", package="coMET",mustWork=TRUE)
> mycorrelation <- file.path(extdata, "cyp1b1_res37_rawMatrix.txt")
> myoutput <- file.path(extdata, "cyp1b1_res37_cormatrix_list_BH05.txt")
> 
> 
> comet.list(cormatrix.file=mycorrelation,cormatrix.method = "spearman",
+            cormatrix.format= "raw", cormatrix.conf.level=0.05,
+            cormatrix.sig.level= 0.05, cormatrix.adjust="BH",
+            cormatrix.type = "listfile", cormatrix.output=myoutput,
+            verbose=FALSE)
Warning in file(file, ifelse(append, "a", "w")) :
  cannot open file '/var/scratchro/tomas/QA/R-74238/lib/coMET/extdata/cyp1b1_res37_cormatrix_list_BH05.txt': Read-only file system
Error in file(file, ifelse(append, "a", "w")) : 
  cannot open the connection
Calls: comet.list -> write.comet.list -> write.table -> file
Execution halted
* checking for unstated dependencies in ‘tests’ ... OK
* checking tests ... OK
  Running ‘runTests.R’
* checking for unstated dependencies in vignettes ... OK
* checking package vignettes in ‘inst/doc’ ... OK
* checking running R code from vignettes ... NONE
* checking re-building of vignette outputs ... WARNING
Error in re-building vignettes:
  ...
Quitting from lines 11-13 (coMET.Rnw) 
Error: processing vignette 'coMET.Rnw' failed with diagnostics:
'latex_old' is defunct.
Use 'latex' instead.
Execution halted

* checking PDF version of manual ... OK
* DONE
Status: 1 ERROR, 1 WARNING, 3 NOTEs
