Loading required package: IRanges
Loading required package: BiocGenerics
Loading required package: parallel

Attaching package: ‘BiocGenerics’

The following objects are masked from ‘package:parallel’:

    clusterApply, clusterApplyLB, clusterCall, clusterEvalQ,
    clusterExport, clusterMap, parApply, parCapply, parLapply,
    parLapplyLB, parRapply, parSapply, parSapplyLB

The following objects are masked from ‘package:stats’:

    IQR, mad, sd, var, xtabs

The following objects are masked from ‘package:base’:

    Filter, Find, Map, Position, Reduce, anyDuplicated, append,
    as.data.frame, basename, cbind, colMeans, colSums, colnames,
    dirname, do.call, duplicated, eval, evalq, get, grep, grepl,
    intersect, is.unsorted, lapply, lengths, mapply, match, mget,
    order, paste, pmax, pmax.int, pmin, pmin.int, rank, rbind,
    rowMeans, rowSums, rownames, sapply, setdiff, sort, table, tapply,
    union, unique, unsplit, which, which.max, which.min

Loading required package: S4Vectors
Loading required package: stats4

Attaching package: ‘S4Vectors’

The following object is masked from ‘package:base’:

    expand.grid

Loading required package: yaml
Using config file /var/scratchro/tomas/QA/R-74238/lib/triform/extdata/config.yml
Converting BED to RangedData for file /var/scratchro/tomas/QA/R-74238/lib/triform/extdata/backgr_huds_Gm12878_rep1.bed
Warning in gzfile(file, "wb") :
  cannot open compressed file '/var/scratchro/tomas/QA/R-74238/lib/triform/extdata/backgr_huds_Gm12878_rep1.RData', probable reason 'Read-only file system'

Error: processing vignette 'triform.Rnw' failed with diagnostics:
 chunk 2 (label = Preprocessing BED files using configuration file) 
Error in gzfile(file, "wb") : cannot open the connection
Execution halted
