* using log directory ‘/ssd/tomas/QA/R-74238/check/MinimumDistance.Rcheck’
* using R Under development (unstable) (2018-02-08 r74238)
* using platform: x86_64-pc-linux-gnu (64-bit)
* using session charset: UTF-8
* checking for file ‘MinimumDistance/DESCRIPTION’ ... OK
* this is package ‘MinimumDistance’ version ‘1.23.0’
* checking package namespace information ... OK
* checking package dependencies ... OK
* checking if this is a source package ... OK
* checking if there is a namespace ... OK
* checking for executable files ... OK
* checking for hidden files and directories ... OK
* checking for portable file names ... OK
* checking for sufficient/correct file permissions ... OK
* checking whether package ‘MinimumDistance’ can be installed ... WARNING
Found the following significant warnings:
  Warning: multiple methods tables found for ‘coverage2’
  Warning: replacing previous import ‘IRanges::coverage2’ by ‘oligoClasses::coverage2’ when loading ‘MinimumDistance’
See ‘/ssd/tomas/QA/R-74238/check/MinimumDistance.Rcheck/00install.out’ for details.
* checking package directory ... OK
* checking ‘build’ directory ... OK
* checking DESCRIPTION meta-information ... OK
* checking top-level files ... OK
* checking for left-over files ... OK
* checking index information ... OK
* checking package subdirectories ... OK
* checking R files for non-ASCII characters ... OK
* checking R files for syntax errors ... OK
* checking whether the package can be loaded ... OK
* checking whether the package can be loaded with stated dependencies ... OK
* checking whether the package can be unloaded cleanly ... OK
* checking whether the namespace can be loaded with stated dependencies ... OK
* checking whether the namespace can be unloaded cleanly ... OK
* checking loading without being on the library search path ... OK
* checking dependencies in R code ... OK
* checking S3 generic/method consistency ... OK
* checking replacement functions ... OK
* checking foreign function calls ... OK
* checking R code for possible problems ... NOTE
callDenovoSegments: no visible global function definition for
  ‘read.bsfiles’
pruneTrioSet: no visible global function definition for
  ‘RangedDataList’
read.bsfiles2: no visible binding for global variable ‘read.bsfiles’
GenomeAnnotatedDataFrameFrom,character: no visible global function
  definition for ‘read.bsfiles’
calculateMindist,list: no visible binding for global variable ‘elt’
Undefined global functions or variables:
  RangedDataList elt read.bsfiles
* checking Rd files ... OK
* checking Rd metadata ... OK
* checking Rd cross-references ... OK
* checking for missing documentation entries ... OK
* checking for code/documentation mismatches ... WARNING
Functions or methods with usage in documentation object 'coerce' but not in code:
  as

* checking Rd \usage sections ... OK
* checking Rd contents ... OK
* checking for unstated dependencies in examples ... OK
* checking contents of ‘data’ directory ... OK
* checking data for non-ASCII characters ... OK
* checking data for ASCII and uncompressed saves ... OK
* checking line endings in Makefiles ... OK
* checking for GNU extensions in Makefiles ... OK
* checking include directives in Makefiles ... OK
* checking installed files from ‘inst/doc’ ... OK
* checking files in ‘vignettes’ ... OK
* checking examples ... ERROR
Running examples in ‘MinimumDistance-Ex.R’ failed
The error most likely occurred in:

> ### Name: FilterParamMD
> ### Title: Parameters for filtering results from the segmentation and copy
> ###   number inference
> ### Aliases: FilterParamMD
> 
> ### ** Examples
> 
> library(VanillaICE)
> data(md_gr)
> data(md_exp)
> mdparam <- MinDistParam()
> fit <- MAP2(md_exp, md_gr, mdparam)
Error in { : 
  task 1 failed - "no slot of name "elementType" for this object of class "GRanges""
Calls: MAP2 ... computePosterior -> computePosterior -> %do% -> <Anonymous>
Execution halted
* checking for unstated dependencies in ‘tests’ ... OK
* checking tests ... ERROR
  Running ‘doRUnit.R’
Running the tests in ‘tests/doRUnit.R’ failed.
Last 13 lines of output:
  RUNIT TEST PROTOCOL -- Fri Feb  9 05:12:05 2018 
  *********************************************** 
  Number of test functions: 12 
  Number of errors: 0 
  Number of failures: 0 
  
   
  1 Test Suite : 
  MinimumDistance unit testing - 12 test functions, 0 errors, 0 failures
  Warning in file(file, ifelse(append, "a", "w")) :
    cannot open file '/var/scratchro/tomas/QA/R-74238/lib/MinimumDistance/unitTests/reportSummary.txt': Read-only file system
  Error in file(file, ifelse(append, "a", "w")) : 
    cannot open the connection
  Calls: printTextProtocol -> cat -> file
  Execution halted
* checking for unstated dependencies in vignettes ... OK
* checking package vignettes in ‘inst/doc’ ... OK
* checking running R code from vignettes ... OK
* checking re-building of vignette outputs ... OK
* checking PDF version of manual ... OK
* DONE
Status: 2 ERRORs, 2 WARNINGs, 1 NOTE
