* using log directory ‘/ssd/tomas/QA/R-74238/check/CoverageView.Rcheck’
* using R Under development (unstable) (2018-02-08 r74238)
* using platform: x86_64-pc-linux-gnu (64-bit)
* using session charset: UTF-8
* checking for file ‘CoverageView/DESCRIPTION’ ... OK
* checking extension type ... Package
* this is package ‘CoverageView’ version ‘1.17.0’
* checking package namespace information ... OK
* checking package dependencies ... OK
* checking if this is a source package ... OK
* checking if there is a namespace ... OK
* checking for executable files ... OK
* checking for hidden files and directories ... NOTE
Found the following hidden files and directories:
  .BBSoptions
These were most likely included in error. See section ‘Package
structure’ in the ‘Writing R Extensions’ manual.
* checking for portable file names ... OK
* checking for sufficient/correct file permissions ... OK
* checking whether package ‘CoverageView’ can be installed ... OK
* checking package directory ... OK
* checking ‘build’ directory ... OK
* checking DESCRIPTION meta-information ... NOTE
Malformed Description field: should contain one or more complete sentences.
* checking top-level files ... OK
* checking for left-over files ... OK
* checking index information ... OK
* checking package subdirectories ... OK
* checking R files for non-ASCII characters ... OK
* checking R files for syntax errors ... OK
* checking whether the package can be loaded ... OK
* checking whether the package can be loaded with stated dependencies ... OK
* checking whether the package can be unloaded cleanly ... OK
* checking whether the namespace can be loaded with stated dependencies ... OK
* checking whether the namespace can be unloaded cleanly ... OK
* checking loading without being on the library search path ... OK
* checking dependencies in R code ... OK
* checking S3 generic/method consistency ... OK
* checking replacement functions ... OK
* checking foreign function calls ... OK
* checking R code for possible problems ... OK
* checking Rd files ... OK
* checking Rd metadata ... OK
* checking Rd cross-references ... OK
* checking for missing documentation entries ... OK
* checking for code/documentation mismatches ... OK
* checking Rd \usage sections ... OK
* checking Rd contents ... OK
* checking for unstated dependencies in examples ... OK
* checking contents of ‘data’ directory ... OK
* checking data for non-ASCII characters ... OK
* checking data for ASCII and uncompressed saves ... OK
* checking installed files from ‘inst/doc’ ... OK
* checking files in ‘vignettes’ ... OK
* checking examples ... ERROR
Running examples in ‘CoverageView-Ex.R’ failed
The error most likely occurred in:

> ### Name: cov.interval
> ### Title: arithmetic operation on an interval
> ### Aliases: cov.interval cov.interval,CoverageBamFile-method
> ###   cov.interval,CoverageBigWigFile-method
> ###   cov.interval,CoverageBamFile,CoverageBamFile-method
> ###   cov.interval,CoverageBigWigFile,CoverageBigWigFile-method
> 
> ### ** Examples
> 
> ##BAM files
>   
> #get treatment and control test files
> treat1file<-system.file("extdata","treat.bam",package="CoverageView")
> control1file<-system.file("extdata","ctrl.bam",package="CoverageView")
>   
> #create two CoverageBamFile objects representing single-end alignments
> trm1<-CoverageBamFile(treat1file,run_type="single")
> ctl1<-CoverageBamFile(control1file,run_type="single")
>   
> #calculate the ratio of the coverages for the defined genomic interval using a bin_width equal to 10 nts
> cov1=cov.interval(trm1,ctl1,chr="chrI",start=1,end=100,bin_width=10,do="ratio")
>   
> #create a WIG file with the obtained vector with the ratios
> outfolder=system.file("extdata",package="CoverageView")
> an_outfile1=paste(outfolder,"out.wig",sep="/")
> export.wig(cov1,outfile=an_outfile1)
Warning in file(file, ifelse(append, "a", "w")) :
  cannot open file '/var/scratchro/tomas/QA/R-74238/lib/CoverageView/extdata/out.wig': Read-only file system
Error in file(file, ifelse(append, "a", "w")) : 
  cannot open the connection
Calls: export.wig -> write -> cat -> file
Execution halted
* checking for unstated dependencies in vignettes ... OK
* checking package vignettes in ‘inst/doc’ ... OK
* checking running R code from vignettes ... OK
* checking re-building of vignette outputs ... OK
* checking PDF version of manual ... OK
* DONE
Status: 1 ERROR, 2 NOTEs
