* using log directory ‘/ssd/tomas/QA/R-74238/check/RImmPort.Rcheck’
* using R Under development (unstable) (2018-02-08 r74238)
* using platform: x86_64-pc-linux-gnu (64-bit)
* using session charset: UTF-8
* checking for file ‘RImmPort/DESCRIPTION’ ... OK
* checking extension type ... Package
* this is package ‘RImmPort’ version ‘1.7.0’
* checking package namespace information ... OK
* checking package dependencies ... OK
* checking if this is a source package ... OK
* checking if there is a namespace ... OK
* checking for executable files ... OK
* checking for hidden files and directories ... OK
* checking for portable file names ... OK
* checking for sufficient/correct file permissions ... OK
* checking whether package ‘RImmPort’ can be installed ... OK
* checking package directory ... OK
* checking ‘build’ directory ... OK
* checking DESCRIPTION meta-information ... OK
* checking top-level files ... OK
* checking for left-over files ... OK
* checking index information ... OK
* checking package subdirectories ... OK
* checking R files for non-ASCII characters ... OK
* checking R files for syntax errors ... OK
* checking whether the package can be loaded ... OK
* checking whether the package can be loaded with stated dependencies ... OK
* checking whether the package can be unloaded cleanly ... OK
* checking whether the namespace can be loaded with stated dependencies ... OK
* checking whether the namespace can be unloaded cleanly ... OK
* checking loading without being on the library search path ... OK
* checking dependencies in R code ... OK
* checking S3 generic/method consistency ... OK
* checking replacement functions ... OK
* checking foreign function calls ... OK
* checking R code for possible problems ... OK
* checking Rd files ... OK
* checking Rd metadata ... OK
* checking Rd cross-references ... OK
* checking for missing documentation entries ... OK
* checking for code/documentation mismatches ... OK
* checking Rd \usage sections ... OK
* checking Rd contents ... OK
* checking for unstated dependencies in examples ... OK
* checking installed files from ‘inst/doc’ ... OK
* checking files in ‘vignettes’ ... OK
* checking examples ... ERROR
Running examples in ‘RImmPort-Ex.R’ failed
The error most likely occurred in:

> ### Name: serialzeStudyData
> ### Title: Serialize the Study Data
> ### Aliases: serialzeStudyData
> 
> ### ** Examples
> 
> library(DBI)
> library(sqldf)
Loading required package: gsubfn
Loading required package: proto
Loading required package: RSQLite
> studies_dir <- system.file("extdata", "ImmPortStudies", package = "RImmPort")
> db_dir <- file.path(studies_dir, "Db")
> sqlite_conn <- dbConnect(SQLite(), dbname=file.path(db_dir, "ImmPort.sqlite"))
> setImmPortDataSource(sqlite_conn)
[1] 1
> # the folder where the .rds files will be stored
> rds_dir <- file.path(studies_dir, "Rds")
> study_ids <- c('SDY139', 'SDY208')
> serialzeStudyData(study_ids, rds_dir)
Study ID =  SDY139 
loading Adverse Events data....done 
loading Concomitant Medications data....done 
loading Demographics data....done 
Warning in gzfile(file, mode) :
  cannot open compressed file '/var/scratchro/tomas/QA/R-74238/lib/RImmPort/extdata/ImmPortStudies/Rds/SDY139/dm.rds', probable reason 'Read-only file system'
Error in gzfile(file, mode) : cannot open the connection
Calls: serialzeStudyData -> saveRDS -> gzfile
Execution halted
* checking for unstated dependencies in vignettes ... OK
* checking package vignettes in ‘inst/doc’ ... OK
* checking running R code from vignettes ... NONE
* checking re-building of vignette outputs ... OK
* checking PDF version of manual ... OK
* DONE
Status: 1 ERROR
