* using log directory ‘/ssd/tomas/QA/R-74238/check/agilp.Rcheck’
* using R Under development (unstable) (2018-02-08 r74238)
* using platform: x86_64-pc-linux-gnu (64-bit)
* using session charset: UTF-8
* checking for file ‘agilp/DESCRIPTION’ ... OK
* checking extension type ... Package
* this is package ‘agilp’ version ‘3.11.0’
* checking package namespace information ... OK
* checking package dependencies ... OK
* checking if this is a source package ... OK
* checking if there is a namespace ... OK
* checking for executable files ... OK
* checking for hidden files and directories ... OK
* checking for portable file names ... OK
* checking for sufficient/correct file permissions ... OK
* checking whether package ‘agilp’ can be installed ... OK
* checking package directory ... OK
* checking ‘build’ directory ... OK
* checking DESCRIPTION meta-information ... NOTE
Malformed Description field: should contain one or more complete sentences.
* checking top-level files ... OK
* checking for left-over files ... OK
* checking index information ... OK
* checking package subdirectories ... OK
* checking R files for non-ASCII characters ... OK
* checking R files for syntax errors ... OK
* checking whether the package can be loaded ... OK
* checking whether the package can be loaded with stated dependencies ... OK
* checking whether the package can be unloaded cleanly ... OK
* checking whether the namespace can be loaded with stated dependencies ... OK
* checking whether the namespace can be unloaded cleanly ... OK
* checking loading without being on the library search path ... OK
* checking dependencies in R code ... OK
* checking S3 generic/method consistency ... OK
* checking replacement functions ... OK
* checking foreign function calls ... OK
* checking R code for possible problems ... NOTE
AALoess: no visible global function definition for ‘read.table’
AALoess: no visible global function definition for ‘loess’
AALoess: no visible global function definition for ‘predict’
AALoess: no visible global function definition for ‘write.table’
AALoess: no visible global function definition for ‘hist’
AAProcess: no visible global function definition for ‘read.table’
AAProcess: no visible global function definition for ‘write.table’
Baseline: no visible global function definition for ‘read.table’
Baseline: no visible global function definition for ‘write.table’
Equaliser: no visible global function definition for ‘read.table’
Equaliser: no visible global function definition for ‘write.table’
IDswop: no visible global function definition for ‘read.table’
IDswop: no visible binding for global variable ‘sd’
IDswop: no visible global function definition for ‘write.table’
Loader: no visible global function definition for ‘read.table’
Loader: no visible global function definition for ‘write.table’
filenamex: no visible global function definition for ‘write.table’
Undefined global functions or variables:
  hist loess predict read.table sd write.table
Consider adding
  importFrom("graphics", "hist")
  importFrom("stats", "loess", "predict", "sd")
  importFrom("utils", "read.table", "write.table")
to your NAMESPACE file.
* checking Rd files ... OK
* checking Rd metadata ... OK
* checking Rd cross-references ... OK
* checking for missing documentation entries ... OK
* checking for code/documentation mismatches ... OK
* checking Rd \usage sections ... OK
* checking Rd contents ... OK
* checking for unstated dependencies in examples ... OK
* checking installed files from ‘inst/doc’ ... OK
* checking files in ‘vignettes’ ... OK
* checking examples ... ERROR
Running examples in ‘agilp-Ex.R’ failed
The error most likely occurred in:

> ### Name: AALoess
> ### Title: Normalises a set of gene expression data files using LOESS
> ### Aliases: AALoess
> ### Keywords: utilities data
> 
> ### ** Examples
> 
> #Takes four files of raw data (output of AAProcess, in dataset/raw folder) , LOess normalises them and saves them in output folder
> inputdir<-file.path(system.file(package="agilp"),"extdata","raw/","", fsep = .Platform$file.sep)
> outputdir<-file.path(system.file(package="agilp"),"output/", "", fsep = .Platform$file.sep)
> baselinedir<-file.path(system.file(package="agilp"),"extdata","testbase.txt", fsep = .Platform$file.sep)
> AALoess(input=inputdir, output=outputdir, baseline = baselinedir, LOG="TRUE") 
Warning in file(file, ifelse(append, "a", "w")) :
  cannot open file '/var/scratchro/tomas/QA/R-74238/lib/agilp/output//ng_arrays_scanner_file1.txt': Read-only file system
Error in file(file, ifelse(append, "a", "w")) : 
  cannot open the connection
Calls: AALoess -> write.table -> file
Execution halted
* checking for unstated dependencies in vignettes ... OK
* checking package vignettes in ‘inst/doc’ ... OK
* checking running R code from vignettes ... ERROR
Errors in running code in vignettes:
when running code in ‘agilp_manual.Rnw’
  ...
> outputdir <- file.path(system.file(package = "agilp"), 
+     "output/", "", fsep = .Platform$file.sep)

> AAProcess(input = inputdir, output = outputdir, s = 9)
Warning in file(file, ifelse(append, "a", "w")) :
  cannot open file '/var/scratchro/tomas/QA/R-74238/lib/agilp/output//gRaw_scanner_file_1.txt': Read-only file system

  When sourcing ‘agilp_manual.R’:
Error: cannot open the connection
Execution halted

* checking re-building of vignette outputs ... NOTE
Error in re-building vignettes:
  ...
Warning in file(file, ifelse(append, "a", "w")) :
  cannot open file '/var/scratchro/tomas/QA/R-74238/lib/agilp/output//gRaw_scanner_file_1.txt': Read-only file system

Error: processing vignette 'agilp_manual.Rnw' failed with diagnostics:
 chunk 3 
Error in file(file, ifelse(append, "a", "w")) : 
  cannot open the connection
Execution halted

* checking PDF version of manual ... OK
* DONE
Status: 2 ERRORs, 3 NOTEs
