* using log directory ‘/ssd/tomas/QA/R-74238/check/plasFIA.Rcheck’
* using R Under development (unstable) (2018-02-08 r74238)
* using platform: x86_64-pc-linux-gnu (64-bit)
* using session charset: UTF-8
* checking for file ‘plasFIA/DESCRIPTION’ ... OK
* this is package ‘plasFIA’ version ‘1.7.0’
* checking package namespace information ... OK
* checking package dependencies ... OK
* checking if this is a source package ... OK
* checking if there is a namespace ... OK
* checking for executable files ... OK
* checking for hidden files and directories ... OK
* checking for portable file names ... OK
* checking for sufficient/correct file permissions ... OK
* checking whether package ‘plasFIA’ can be installed ... OK
* checking package directory ... OK
* checking DESCRIPTION meta-information ... OK
* checking top-level files ... OK
* checking for left-over files ... OK
* checking index information ... OK
* checking package subdirectories ... OK
* checking R files for non-ASCII characters ... OK
* checking R files for syntax errors ... OK
* checking whether the package can be loaded ... ERROR
Loading this package had a fatal error status code 1
Loading log:
Loading required package: proFIA
Loading required package: xcms
Loading required package: Biobase
Loading required package: BiocGenerics
Loading required package: parallel

Attaching package: ‘BiocGenerics’

The following objects are masked from ‘package:parallel’:

    clusterApply, clusterApplyLB, clusterCall, clusterEvalQ,
    clusterExport, clusterMap, parApply, parCapply, parLapply,
    parLapplyLB, parRapply, parSapply, parSapplyLB

The following objects are masked from ‘package:stats’:

    IQR, mad, sd, var, xtabs

The following objects are masked from ‘package:base’:

    Filter, Find, Map, Position, Reduce, anyDuplicated, append,
    as.data.frame, basename, cbind, colMeans, colSums, colnames,
    dirname, do.call, duplicated, eval, evalq, get, grep, grepl,
    intersect, is.unsorted, lapply, lengths, mapply, match, mget,
    order, paste, pmax, pmax.int, pmin, pmin.int, rank, rbind,
    rowMeans, rowSums, rownames, sapply, setdiff, sort, table, tapply,
    union, unique, unsplit, which, which.max, which.min

Welcome to Bioconductor

    Vignettes contain introductory material; view with
    'browseVignettes()'. To cite Bioconductor, see
    'citation("Biobase")', and for packages 'citation("pkgname")'.

Loading required package: BiocParallel
Loading required package: MSnbase
Loading required package: mzR
Loading required package: Rcpp
Loading required package: ProtGenerics

This is MSnbase version 2.5.6 
  Visit https://lgatto.github.io/MSnbase/ to get started.


Attaching package: ‘MSnbase’

The following object is masked from ‘package:stats’:

    smooth

The following object is masked from ‘package:base’:

    trimws


This is xcms version 3.1.0 


Attaching package: ‘xcms’

The following object is masked from ‘package:stats’:

    sigma

Error: package or namespace load failed for ‘plasFIA’:
 .onLoad failed in loadNamespace() for 'plasFIA', details:
  call: gzfile(file, "wb")
  error: cannot open the connection
In addition: Warning message:
In gzfile(file, "wb") :
  cannot open compressed file '/var/scratchro/tomas/QA/R-74238/lib/plasFIA/data/plasSet.rda', probable reason 'Read-only file system'
Execution halted
* DONE
Status: 1 ERROR
