Warning in engine$weave(file, quiet = quiet, encoding = enc) :
  Pandoc (>= 1.12.3) and/or pandoc-citeproc not available. Falling back to R Markdown v1.
Loading required package: xcms
Loading required package: Biobase
Loading required package: BiocGenerics
Loading required package: parallel

Attaching package: 'BiocGenerics'

The following objects are masked from 'package:parallel':

    clusterApply, clusterApplyLB, clusterCall, clusterEvalQ,
    clusterExport, clusterMap, parApply, parCapply, parLapply,
    parLapplyLB, parRapply, parSapply, parSapplyLB

The following objects are masked from 'package:stats':

    IQR, mad, sd, var, xtabs

The following objects are masked from 'package:base':

    Filter, Find, Map, Position, Reduce, anyDuplicated, append,
    as.data.frame, basename, cbind, colMeans, colSums, colnames,
    dirname, do.call, duplicated, eval, evalq, get, grep, grepl,
    intersect, is.unsorted, lapply, lengths, mapply, match, mget,
    order, paste, pmax, pmax.int, pmin, pmin.int, rank, rbind,
    rowMeans, rowSums, rownames, sapply, setdiff, sort, table,
    tapply, union, unique, unsplit, which, which.max, which.min

Welcome to Bioconductor

    Vignettes contain introductory material; view with
    'browseVignettes()'. To cite Bioconductor, see
    'citation("Biobase")', and for packages 'citation("pkgname")'.

Loading required package: BiocParallel
Loading required package: MSnbase
Loading required package: mzR
Loading required package: Rcpp
Loading required package: ProtGenerics

This is MSnbase version 2.5.6 
  Visit https://lgatto.github.io/MSnbase/ to get started.


Attaching package: 'MSnbase'

The following object is masked from 'package:stats':

    smooth

The following object is masked from 'package:base':

    trimws


This is xcms version 3.1.0 


Attaching package: 'xcms'

The following object is masked from 'package:stats':

    sigma

Warning in gzfile(file, "wb") :
  cannot open compressed file '/var/scratchro/tomas/QA/R-74238/lib/plasFIA/data/plasSet.rda', probable reason 'Read-only file system'
Quitting from lines 68-71 (proFIA-vignette.Rmd) 
Error: processing vignette 'proFIA-vignette.Rmd' failed with diagnostics:
package or namespace load failed for 'plasFIA':
 .onLoad failed in loadNamespace() for 'plasFIA', details:
  call: gzfile(file, "wb")
  error: cannot open the connection
Execution halted
